This is pdfTeX, Version 3.1415926-1.40.9 (MiKTeX 2.7) (preloaded format=pdflatex 2009.3.27)  27 MAY 2009 22:32
entering extended mode
**Report.tex
(Report.tex
LaTeX2e <2005/12/01>
Babel <v3.8l> and hyphenation patterns for english, dumylang, nohyphenation, ge
rman, ngerman, german-x-2008-06-18, ngerman-x-2008-06-18, french, loaded.
("C:\Program Files\MiKTeX 2.7\tex\latex\base\report.cls"
Document Class: report 2005/09/16 v1.4f Standard LaTeX document class
("C:\Program Files\MiKTeX 2.7\tex\latex\base\size12.clo"
File: size12.clo 2005/09/16 v1.4f Standard LaTeX file (size option)
)
\c@part=\count79
\c@chapter=\count80
\c@section=\count81
\c@subsection=\count82
\c@subsubsection=\count83
\c@paragraph=\count84
\c@subparagraph=\count85
\c@figure=\count86
\c@table=\count87
\abovecaptionskip=\skip41
\belowcaptionskip=\skip42
\bibindent=\dimen102
)
("C:\Program Files\MiKTeX 2.7\tex\latex\unicode\ucs.sty"
Package: ucs 2004/10/17 UCS: Unicode input support

("C:\Program Files\MiKTeX 2.7\tex\latex\unicode\data\uni-global.def"
File: uni-global.def 2004/10/17 UCS: Unicode global data
)
\uc@secondtry=\count88
\uc@combtoks=\toks14
\uc@combtoksb=\toks15
\uc@temptokena=\toks16
)
("C:\Program Files\MiKTeX 2.7\tex\latex\amsmath\amsmath.sty"
Package: amsmath 2000/07/18 v2.13 AMS math features
\@mathmargin=\skip43

For additional information on amsmath, use the `?' option.
("C:\Program Files\MiKTeX 2.7\tex\latex\amsmath\amstext.sty"
Package: amstext 2000/06/29 v2.01

("C:\Program Files\MiKTeX 2.7\tex\latex\amsmath\amsgen.sty"
File: amsgen.sty 1999/11/30 v2.0
\@emptytoks=\toks17
\ex@=\dimen103
))
("C:\Program Files\MiKTeX 2.7\tex\latex\amsmath\amsbsy.sty"
Package: amsbsy 1999/11/29 v1.2d
\pmbraise@=\dimen104
)
("C:\Program Files\MiKTeX 2.7\tex\latex\amsmath\amsopn.sty"
Package: amsopn 1999/12/14 v2.01 operator names
)
\inf@bad=\count89
LaTeX Info: Redefining \frac on input line 211.
\uproot@=\count90
\leftroot@=\count91
LaTeX Info: Redefining \overline on input line 307.
\classnum@=\count92
\DOTSCASE@=\count93
LaTeX Info: Redefining \ldots on input line 379.
LaTeX Info: Redefining \dots on input line 382.
LaTeX Info: Redefining \cdots on input line 467.
\Mathstrutbox@=\box26
\strutbox@=\box27
\big@size=\dimen105
LaTeX Font Info:    Redeclaring font encoding OML on input line 567.
LaTeX Font Info:    Redeclaring font encoding OMS on input line 568.
\macc@depth=\count94
\c@MaxMatrixCols=\count95
\dotsspace@=\muskip10
\c@parentequation=\count96
\dspbrk@lvl=\count97
\tag@help=\toks18
\row@=\count98
\column@=\count99
\maxfields@=\count100
\andhelp@=\toks19
\eqnshift@=\dimen106
\alignsep@=\dimen107
\tagshift@=\dimen108
\tagwidth@=\dimen109
\totwidth@=\dimen110
\lineht@=\dimen111
\@envbody=\toks20
\multlinegap=\skip44
\multlinetaggap=\skip45
\mathdisplay@stack=\toks21
LaTeX Info: Redefining \[ on input line 2666.
LaTeX Info: Redefining \] on input line 2667.
)
("C:\Program Files\MiKTeX 2.7\tex\latex\amsfonts\amsfonts.sty"
Package: amsfonts 2001/10/25 v2.2f
\symAMSa=\mathgroup4
\symAMSb=\mathgroup5
LaTeX Font Info:    Overwriting math alphabet `\mathfrak' in version `bold'
(Font)                  U/euf/m/n --> U/euf/b/n on input line 132.
)
("C:\Program Files\MiKTeX 2.7\tex\latex\amsfonts\amssymb.sty"
Package: amssymb 2002/01/22 v2.2d
)
("C:\Program Files\MiKTeX 2.7\tex\latex\graphics\graphicx.sty"
Package: graphicx 1999/02/16 v1.0f Enhanced LaTeX Graphics (DPC,SPQR)

("C:\Program Files\MiKTeX 2.7\tex\latex\graphics\keyval.sty"
Package: keyval 1999/03/16 v1.13 key=value parser (DPC)
\KV@toks@=\toks22
)
("C:\Program Files\MiKTeX 2.7\tex\latex\graphics\graphics.sty"
Package: graphics 2006/02/20 v1.0o Standard LaTeX Graphics (DPC,SPQR)

("C:\Program Files\MiKTeX 2.7\tex\latex\graphics\trig.sty"
Package: trig 1999/03/16 v1.09 sin cos tan (DPC)
)
("C:\Program Files\MiKTeX 2.7\tex\latex\00miktex\graphics.cfg"
File: graphics.cfg 2007/01/18 v1.5 graphics configuration of teTeX/TeXLive
)
Package graphics Info: Driver file: pdftex.def on input line 90.

("C:\Program Files\MiKTeX 2.7\tex\latex\pdftex-def\pdftex.def"
File: pdftex.def 2008/09/08 v0.04l Graphics/color for pdfTeX
\Gread@gobject=\count101
))
\Gin@req@height=\dimen112
\Gin@req@width=\dimen113
)
("C:\Program Files\MiKTeX 2.7\tex\latex\psfrag\psfrag.sty"
Package: psfrag 1998/04/11 v3.04 PSfrag (MCG)
\pfg@pcount=\count102
\pfg@scount=\count103
\pfg@temp=\write3
)
("C:\Program Files\MiKTeX 2.7\tex\latex\graphics\epsfig.sty"
Package: epsfig 1999/02/16 v1.7a (e)psfig emulation (SPQR)
\epsfxsize=\dimen114
\epsfysize=\dimen115
)
("C:\Program Files\MiKTeX 2.7\tex\latex\caption\caption.sty"
Package: caption 2008/08/24 v3.1j Customizing captions (AR)

("C:\Program Files\MiKTeX 2.7\tex\latex\caption\caption3.sty"
Package: caption3 2008/08/24 v3.1j caption3 kernel (AR)
\captionmargin=\dimen116
\captionmargin@=\dimen117
\captionwidth=\dimen118
\caption@indent=\dimen119
\caption@parindent=\dimen120
\caption@hangindent=\dimen121
)
\c@ContinuedFloat=\count104
)
("C:\Program Files\MiKTeX 2.7\tex\latex\ltxmisc\threeparttable.sty"
Package: threeparttable 2003/06/13  v 3.0
\@tempboxb=\box28
)
("C:\Program Files\MiKTeX 2.7\tex\latex\colortbl\colortbl.sty"
Package: colortbl 2001/02/13 v0.1j Color table columns (DPC)

("C:\Program Files\MiKTeX 2.7\tex\latex\tools\array.sty"
Package: array 2005/08/23 v2.4b Tabular extension package (FMi)
\col@sep=\dimen122
\extrarowheight=\dimen123
\NC@list=\toks23
\extratabsurround=\skip46
\backup@length=\skip47
)
("C:\Program Files\MiKTeX 2.7\tex\latex\graphics\color.sty"
Package: color 2005/11/14 v1.0j Standard LaTeX Color (DPC)

("C:\Program Files\MiKTeX 2.7\tex\latex\00miktex\color.cfg"
File: color.cfg 2007/01/18 v1.5 color configuration of teTeX/TeXLive
)
Package color Info: Driver file: pdftex.def on input line 130.
)
\everycr=\toks24
\minrowclearance=\skip48
)
("C:\Program Files\MiKTeX 2.7\tex\latex\slashbox\slashbox.sty"
slashbox style by K.Yasuoka, May 1993.
\@slashboxa=\box29
\@slashboxb=\box30
\@slashboxc=\box31
\@slashboxwd=\count105
\@slashboxht=\count106
\@slashsepl=\dimen124
\@slashsepr=\dimen125
) ("C:\Program Files\MiKTeX 2.7\tex\latex\tools\verbatim.sty"
Package: verbatim 2003/08/22 v1.5q LaTeX2e package for verbatim enhancements
\every@verbatim=\toks25
\verbatim@line=\toks26
\verbatim@in@stream=\read1
)
("C:\Program Files\MiKTeX 2.7\tex\latex\setspace\setspace.sty"
Package: setspace 2000/12/01 6.7 Contributed and Supported LaTeX2e package

Package: `setspace' 6.7 <2000/12/01>
) ("C:\Program Files\MiKTeX 2.7\tex\latex\geometry\geometry.sty"
Package: geometry 2008/11/13 v4.1 Page Geometry
 (ifpdf.sty
Package: ifpdf 2007/12/12 v1.6 Provides the ifpdf switch (HO)
Package ifpdf Info: pdfTeX in pdf mode detected.
)
("C:\Program Files\MiKTeX 2.7\tex\generic\oberdiek\ifvtex.sty"
Package: ifvtex 2008/11/04 v1.4 Switches for detecting VTeX and its modes (HO)
Package ifvtex Info: VTeX not detected.
)
\Gm@cnth=\count107
\Gm@cntv=\count108
\c@Gm@tempcnt=\count109
\Gm@bindingoffset=\dimen126
\Gm@wd@mp=\dimen127
\Gm@odd@mp=\dimen128
\Gm@even@mp=\dimen129
\Gm@dimlist=\toks27

("C:\Program Files\MiKTeX 2.7\tex\latex\geometry\geometry.cfg")

Package geometry Warning: \topskip was changed from 12.0pt to 16.79816pt.

) ("C:\Program Files\MiKTeX 2.7\tex\latex\hyperref\hyperref.sty"
Package: hyperref 2008/11/18 v6.78m Hypertext links for LaTeX

("C:\Program Files\MiKTeX 2.7\tex\generic\ifxetex\ifxetex.sty"
Package: ifxetex 2008/09/18 v0.4 Provides ifxetex conditional
)
("C:\Program Files\MiKTeX 2.7\tex\latex\oberdiek\hycolor.sty"
Package: hycolor 2008/09/08 v1.4 Code for color options of hyperref/bookmark (H
O)

("C:\Program Files\MiKTeX 2.7\tex\latex\oberdiek\xcolor-patch.sty"
Package: xcolor-patch 2008/09/08 xcolor patch
))
\@linkdim=\dimen130
\Hy@linkcounter=\count110
\Hy@pagecounter=\count111

("C:\Program Files\MiKTeX 2.7\tex\latex\hyperref\pd1enc.def"
File: pd1enc.def 2008/11/18 v6.78m Hyperref: PDFDocEncoding definition (HO)
)
("C:\Program Files\MiKTeX 2.7\tex\generic\oberdiek\etexcmds.sty"
Package: etexcmds 2007/12/12 v1.2 Prefix for e-TeX command names (HO)

("C:\Program Files\MiKTeX 2.7\tex\generic\oberdiek\infwarerr.sty"
Package: infwarerr 2007/09/09 v1.2 Providing info/warning/message (HO)
)
Package etexcmds Info: Could not find \expanded.
(etexcmds)             That can mean that you are not using pdfTeX 1.50 or
(etexcmds)             that some package has redefined \expanded.
(etexcmds)             In the latter case, load this package earlier.
)
("C:\Program Files\MiKTeX 2.7\tex\latex\00miktex\hyperref.cfg"
File: hyperref.cfg 2002/06/06 v1.2 hyperref configuration of TeXLive
)
("C:\Program Files\MiKTeX 2.7\tex\latex\oberdiek\kvoptions.sty"
Package: kvoptions 2007/10/18 v3.0 Keyval support for LaTeX options (HO)
)
Package hyperref Info: Hyper figures OFF on input line 2907.
Package hyperref Info: Link nesting OFF on input line 2912.
Package hyperref Info: Hyper index ON on input line 2915.
Package hyperref Info: Plain pages OFF on input line 2922.
Package hyperref Info: Backreferencing OFF on input line 2927.

Implicit mode ON; LaTeX internals redefined
Package hyperref Info: Bookmarks ON on input line 3117.
("C:\Program Files\MiKTeX 2.7\tex\latex\ltxmisc\url.sty"
\Urlmuskip=\muskip11
Package: url 2006/04/12  ver 3.3  Verb mode for urls, etc.
)
LaTeX Info: Redefining \url on input line 3351.

("C:\Program Files\MiKTeX 2.7\tex\generic\oberdiek\bitset.sty"
Package: bitset 2007/09/28 v1.0 Data type bit set (HO)

("C:\Program Files\MiKTeX 2.7\tex\generic\oberdiek\intcalc.sty"
Package: intcalc 2007/09/27 v1.1 Expandable integer calculations (HO)
)
("C:\Program Files\MiKTeX 2.7\tex\generic\oberdiek\bigintcalc.sty"
Package: bigintcalc 2007/11/11 v1.1 Expandable big integer calculations (HO)

("C:\Program Files\MiKTeX 2.7\tex\generic\oberdiek\pdftexcmds.sty"
Package: pdftexcmds 2007/12/12 v0.3 LuaTeX support for pdfTeX utility functions
 (HO)
Package pdftexcmds Info: LuaTeX not detected on input line 139.
)))
("C:\Program Files\MiKTeX 2.7\tex\generic\oberdiek\kvsetkeys.sty"
Package: kvsetkeys 2007/09/29 v1.3 Key value parser with default handler suppor
t (HO)
)
\Fld@menulength=\count112
\Field@Width=\dimen131
\Fld@charsize=\dimen132
\Field@toks=\toks28
Package hyperref Info: Hyper figures OFF on input line 4268.
Package hyperref Info: Link nesting OFF on input line 4273.
Package hyperref Info: Hyper index ON on input line 4276.
Package hyperref Info: backreferencing OFF on input line 4283.
Package hyperref Info: Link coloring OFF on input line 4288.
Package hyperref Info: Link coloring with OCG OFF on input line 4293.
Package hyperref Info: PDF/A mode OFF on input line 4298.

("C:\Program Files\MiKTeX 2.7\tex\generic\oberdiek\atbegshi.sty"
Package: atbegshi 2008/07/31 v1.9 At begin shipout hook (HO)
)
\Hy@abspage=\count113
\c@Item=\count114
\c@Hfootnote=\count115
)
*hyperref using default driver hpdftex*
("C:\Program Files\MiKTeX 2.7\tex\latex\hyperref\hpdftex.def"
File: hpdftex.def 2008/11/18 v6.78m Hyperref driver for pdfTeX
\Fld@listcount=\count116
)
("C:\Program Files\MiKTeX 2.7\tex\latex\natbib\natbib.sty"
Package: natbib 2009/02/02 8.3 (PWD, AO)
\bibhang=\skip49
\bibsep=\skip50
LaTeX Info: Redefining \cite on input line 694.
\c@NAT@ctr=\count117
)
("C:\Program Files\MiKTeX 2.7\tex\latex\vector\vector.sty"
Package: vector 1994/09/16 v1.0 vector macros for LaTeX2e (nde)

("C:\Program Files\MiKTeX 2.7\tex\latex\base\ifthen.sty"
Package: ifthen 2001/05/26 v1.1c Standard LaTeX ifthen package (DPC)
)
("C:\Program Files\MiKTeX 2.7\tex\latex\tools\calc.sty"
Package: calc 2005/08/06 v4.2 Infix arithmetic (KKT,FJ)
\calc@Acount=\count118
\calc@Bcount=\count119
\calc@Adimen=\dimen133
\calc@Bdimen=\dimen134
\calc@Askip=\skip51
\calc@Bskip=\skip52
LaTeX Info: Redefining \setlength on input line 75.
LaTeX Info: Redefining \addtolength on input line 76.
\calc@Ccount=\count120
\calc@Cskip=\skip53
)
\c@vec@elem=\count121
)
Package hyperref Info: Option `colorlinks' set `true' on input line 48.

("C:\Program Files\MiKTeX 2.7\tex\latex\algorithms\algorithmic.sty"
Package: algorithmic 2006/06/02

Document Style `algorithmic' - environment
\c@ALC@line=\count122
\c@ALC@rem=\count123
\c@ALC@depth=\count124
\ALC@tlm=\skip54
\algorithmicindent=\skip55
) ("C:\Program Files\MiKTeX 2.7\tex\latex\algorithms\algorithm.sty"
Package: algorithm 

Document Style `algorithm' - floating environment
("C:\Program Files\MiKTeX 2.7\tex\latex\float\float.sty"
Package: float 2001/11/08 v1.3d Float enhancements (AL)
\c@float@type=\count125
\float@exts=\toks29
\float@box=\box32
\@float@everytoks=\toks30
\@floatcapt=\box33
)
\@float@every@algorithm=\toks31
\c@algorithm=\count126
)
("C:\Program Files\MiKTeX 2.7\tex\latex\listings\listings.sty"
\lst@mode=\count127
\lst@gtempboxa=\box34
\lst@token=\toks32
\lst@length=\count128
\lst@currlwidth=\dimen135
\lst@column=\count129
\lst@pos=\count130
\lst@lostspace=\dimen136
\lst@width=\dimen137
\lst@newlines=\count131
\lst@lineno=\count132
\lst@maxwidth=\dimen138

("C:\Program Files\MiKTeX 2.7\tex\latex\listings\lstmisc.sty"
File: lstmisc.sty 2007/02/22 1.4 (Carsten Heinz)
\c@lstnumber=\count133
\lst@skipnumbers=\count134
\lst@framebox=\box35
)
("C:\Program Files\MiKTeX 2.7\tex\latex\listings\listings.cfg"
File: listings.cfg 2007/02/22 1.4 listings configuration
))
Package: listings 2007/02/22 1.4 (Carsten Heinz)
 (Report.aux)
LaTeX Font Info:    Checking defaults for OML/cmm/m/it on input line 77.
LaTeX Font Info:    ... okay on input line 77.
LaTeX Font Info:    Checking defaults for T1/cmr/m/n on input line 77.
LaTeX Font Info:    ... okay on input line 77.
LaTeX Font Info:    Checking defaults for OT1/cmr/m/n on input line 77.
LaTeX Font Info:    ... okay on input line 77.
LaTeX Font Info:    Checking defaults for OMS/cmsy/m/n on input line 77.
LaTeX Font Info:    ... okay on input line 77.
LaTeX Font Info:    Checking defaults for OMX/cmex/m/n on input line 77.
LaTeX Font Info:    ... okay on input line 77.
LaTeX Font Info:    Checking defaults for U/cmr/m/n on input line 77.
LaTeX Font Info:    ... okay on input line 77.
LaTeX Font Info:    Checking defaults for PD1/pdf/m/n on input line 77.
LaTeX Font Info:    ... okay on input line 77.

("C:\Program Files\MiKTeX 2.7\tex\latex\unicode\ucsencs.def"
File: ucsencs.def 2003/11/29 Fixes to fontencodings LGR, T3
)
("C:\Program Files\MiKTeX 2.7\tex\context\base\supp-pdf.tex"
[Loading MPS to PDF converter (version 2006.09.02).]
\scratchcounter=\count135
\scratchdimen=\dimen139
\scratchbox=\box36
\nofMPsegments=\count136
\nofMParguments=\count137
\everyMPshowfont=\toks33
\MPscratchCnt=\count138
\MPscratchDim=\dimen140
\MPnumerator=\count139
\everyMPtoPDFconversion=\toks34
)
Package caption Info: Begin \AtBeginDocument code.
Package caption Info: float package is loaded.
Package caption Info: hyperref package is loaded.
Package caption Info: listings package is loaded.
Package caption Info: threeparttable package is loaded.
Package caption Info: End \AtBeginDocument code.

*geometry auto-detecting driver*
*geometry detected driver: pdftex*
-------------------- Geometry parameters
paper: a4paper
landscape: --
twocolumn: --
twoside: --
asymmetric: --
h-parts: 142.26378pt, 312.98032pt, 142.26378pt
v-parts: 85.35826pt, 674.33032pt, 85.35826pt
hmarginratio: --
vmarginratio: --
lines: --
heightrounded: --
bindingoffset: 0.0pt
truedimen: --
includehead: --
includefoot: --
includemp: --
driver: pdftex
-------------------- Page layout dimensions and switches
\paperwidth  597.50787pt
\paperheight 845.04684pt
\textwidth  392.47775pt
\textheight 688.78409pt
\oddsidemargin  69.99379pt
\evensidemargin 69.99379pt
\topmargin  -23.91173pt
\headheight 12.0pt
\headsep    25.0pt
\footskip   30.0pt
\marginparwidth 35.0pt
\marginparsep   10.0pt
\columnsep  10.0pt
\skip\footins  10.8pt plus 4.0pt minus 2.0pt
\hoffset -28.90755pt
\voffset -28.90755pt
\mag 1000

(1in=72.27pt, 1cm=28.45pt)
-----------------------
Package hyperref Info: Link coloring ON on input line 77.
("C:\Program Files\MiKTeX 2.7\tex\latex\hyperref\nameref.sty"
Package: nameref 2007/05/29 v2.31 Cross-referencing by name of section

("C:\Program Files\MiKTeX 2.7\tex\latex\oberdiek\refcount.sty"
Package: refcount 2008/08/11 v3.1 Data extraction from references (HO)
)
\c@section@level=\count140
)
LaTeX Info: Redefining \ref on input line 77.
LaTeX Info: Redefining \pageref on input line 77.
 (Report.out)
(Report.out)
\@outlinefile=\write4
\AtBeginShipoutBox=\box37
\c@lstlisting=\count141
 (Abstract.tex
Underfull \hbox (badness 10000) in paragraph at lines 25--26

 []

[1
Non-PDF special ignored!

{C:/ProgramData/MiKTeX/2.7/pdftex/config/pdftex.map}])
(Acknowledgement.tex [2]) [3

] (Report.toc
LaTeX Font Info:    Try loading font information for U+msa on input line 8.

("C:\Program Files\MiKTeX 2.7\tex\latex\amsfonts\umsa.fd"
File: umsa.fd 2002/01/19 v2.2g AMS font definitions
)
LaTeX Font Info:    Try loading font information for U+msb on input line 8.

("C:\Program Files\MiKTeX 2.7\tex\latex\amsfonts\umsb.fd"
File: umsb.fd 2002/01/19 v2.2g AMS font definitions
) [4

])
\tf@toc=\write5
 [5] (Report.lof)
\tf@lof=\write6
 [6

] (Report.lot)
\tf@lot=\write7
 [7

] (Report.loa)
\tf@loa=\write8
 (Introduction.tex [8

]
Chapter 1.
[9

] [10] [11]) (State_of_the_art.tex [12]
Chapter 2.
<QASystem.jpg, id=340, 581.7735pt x 550.4565pt>
File: QASystem.jpg Graphic file (type jpg)
 <use QASystem.jpg>
LaTeX Font Info:    Try loading font information for OMS+cmr on input line 18.

("C:\Program Files\MiKTeX 2.7\tex\latex\base\omscmr.fd"
File: omscmr.fd 1999/05/25 v2.5h Standard LaTeX font definitions
)
LaTeX Font Info:    Font shape `OMS/cmr/m/n' in size <12> not available
(Font)              Font shape `OMS/cmsy/m/n' tried instead on input line 18.
 [13

] [14 <QASystem.jpg>] [15] [16]) (Description_data.tex [17]
Chapter 3.
[18

] <BET_stages.jpg, id=411, 2637.25275pt x 1621.85925pt>
File: BET_stages.jpg Graphic file (type jpg)

<use BET_stages.jpg>
Overfull \hbox (3.0931pt too wide) in paragraph at lines 16--17
 [][] 
 []

[19] [20 <BET_stages.jpg>]
<BET_interface.jpg, id=425, 651.03226pt x 464.33475pt>
File: BET_interface.jpg Graphic file (type jpg)
 <use BET_interface.jpg>
[21 <BET_interface.jpg>]
Missing character: There is no – in font cmr12!

Overfull \hbox (8.67438pt too wide) in paragraph at lines 69--83
[][]
 []

Missing character: There is no – in font cmr12!

Overfull \hbox (20.82008pt too wide) in paragraph at lines 88--99
[][]
 []

[22]
Underfull \hbox (badness 10000) in paragraph at lines 112--123
[][]
 []


Underfull \hbox (badness 10000) in paragraph at lines 127--137
[][]
 []

[23]) (Algorithm.tex [24]
Chapter 4.
<Stages_of_system.jpg, id=451, 776.30025pt x 1070.19826pt>
File: Stages_of_system.jpg Graphic file (type jpg)

<use Stages_of_system.jpg>
Overfull \hbox (73.30598pt too wide) in paragraph at lines 13--14
 [][] 
 []

[25

] [26 <Stages_of_system.jpg>] [27] [28] [29] [30] [31] [32] [33] [34]
[35]
Package hyperref Info: bookmark level for unknown algorithm defaults to 0 on in
put line 230.

Underfull \hbox (badness 10000) in paragraph at lines 275--276
[] []$\OML/cmm/m/it/8 Passage:distance \OMS/cmsy/m/n/8   \OML/cmm/m/it/8 Passag
e:distance \OT1/cmr/m/n/8 + \OML/cmm/m/it/8 abs\OT1/cmr/m/n/8 (\OML/cmm/m/it/8 
Passage:MatchedList\OT1/cmr/m/n/8 [\OML/cmm/m/it/8 i\OT1/cmr/m/n/8 ] \OMS/cmsy/
m/n/8  
 []

[36pdfTeX warning (ext4): destination with the same identifier (name{ALC@rem.1}
) has been already used, duplicate ignored

\AtBegShi@Output ...ipout \box \AtBeginShipoutBox 
                                                  \fi \fi 
l.371 \newpage
              pdfTeX warning (ext4): destination with the same identifier (name
{ALC@rem.1}) has been already used, duplicate ignored

\AtBegShi@Output ...ipout \box \AtBeginShipoutBox 
                                                  \fi \fi 
l.371 \newpage
              pdfTeX warning (ext4): destination with the same identifier (name
{ALC@rem.1}) has been already used, duplicate ignored

\AtBegShi@Output ...ipout \box \AtBeginShipoutBox 
                                                  \fi \fi 
l.371 \newpage
              pdfTeX warning (ext4): destination with the same identifier (name
{ALC@rem.1}) has been already used, duplicate ignored

\AtBegShi@Output ...ipout \box \AtBeginShipoutBox 
                                                  \fi \fi 
l.371 \newpage
              pdfTeX warning (ext4): destination with the same identifier (name
{ALC@rem.1}) has been already used, duplicate ignored

\AtBegShi@Output ...ipout \box \AtBeginShipoutBox 
                                                  \fi \fi 
l.371 \newpage
              pdfTeX warning (ext4): destination with the same identifier (name
{ALC@rem.1}) has been already used, duplicate ignored

\AtBegShi@Output ...ipout \box \AtBeginShipoutBox 
                                                  \fi \fi 
l.371 \newpage
              pdfTeX warning (ext4): destination with the same identifier (name
{ALC@rem.1}) has been already used, duplicate ignored

\AtBegShi@Output ...ipout \box \AtBeginShipoutBox 
                                                  \fi \fi 
l.371 \newpage
              pdfTeX warning (ext4): destination with the same identifier (name
{ALC@rem.1}) has been already used, duplicate ignored

\AtBegShi@Output ...ipout \box \AtBeginShipoutBox 
                                                  \fi \fi 
l.371 \newpage
              pdfTeX warning (ext4): destination with the same identifier (name
{ALC@rem.1}) has been already used, duplicate ignored

\AtBegShi@Output ...ipout \box \AtBeginShipoutBox 
                                                  \fi \fi 
l.371 \newpage
              pdfTeX warning (ext4): destination with the same identifier (name
{ALC@rem.1}) has been already used, duplicate ignored

\AtBegShi@Output ...ipout \box \AtBeginShipoutBox 
                                                  \fi \fi 
l.371 \newpage
              pdfTeX warning (ext4): destination with the same identifier (name
{ALC@rem.1}) has been already used, duplicate ignored

\AtBegShi@Output ...ipout \box \AtBeginShipoutBox 
                                                  \fi \fi 
l.371 \newpage
              pdfTeX warning (ext4): destination with the same identifier (name
{ALC@rem.1}) has been already used, duplicate ignored

\AtBegShi@Output ...ipout \box \AtBeginShipoutBox 
                                                  \fi \fi 
l.371 \newpage
              pdfTeX warning (ext4): destination with the same identifier (name
{ALC@rem.1}) has been already used, duplicate ignored

\AtBegShi@Output ...ipout \box \AtBeginShipoutBox 
                                                  \fi \fi 
l.371 \newpage
              pdfTeX warning (ext4): destination with the same identifier (name
{ALC@rem.1}) has been already used, duplicate ignored

\AtBegShi@Output ...ipout \box \AtBeginShipoutBox 
                                                  \fi \fi 
l.371 \newpage
              pdfTeX warning (ext4): destination with the same identifier (name
{ALC@rem.1}) has been already used, duplicate ignored

\AtBegShi@Output ...ipout \box \AtBeginShipoutBox 
                                                  \fi \fi 
l.371 \newpage
              pdfTeX warning (ext4): destination with the same identifier (name
{ALC@rem.1}) has been already used, duplicate ignored

\AtBegShi@Output ...ipout \box \AtBeginShipoutBox 
                                                  \fi \fi 
l.371 \newpage
              pdfTeX warning (ext4): destination with the same identifier (name
{ALC@rem.1}) has been already used, duplicate ignored

\AtBegShi@Output ...ipout \box \AtBeginShipoutBox 
                                                  \fi \fi 
l.371 \newpage
              pdfTeX warning (ext4): destination with the same identifier (name
{ALC@rem.1}) has been already used, duplicate ignored

\AtBegShi@Output ...ipout \box \AtBeginShipoutBox 
                                                  \fi \fi 
l.371 \newpage
              pdfTeX warning (ext4): destination with the same identifier (name
{ALC@rem.1}) has been already used, duplicate ignored

\AtBegShi@Output ...ipout \box \AtBeginShipoutBox 
                                                  \fi \fi 
l.371 \newpage
              pdfTeX warning (ext4): destination with the same identifier (name
{ALC@rem.1}) has been already used, duplicate ignored

\AtBegShi@Output ...ipout \box \AtBeginShipoutBox 
                                                  \fi \fi 
l.371 \newpage
              pdfTeX warning (ext4): destination with the same identifier (name
{ALC@rem.1}) has been already used, duplicate ignored

\AtBegShi@Output ...ipout \box \AtBeginShipoutBox 
                                                  \fi \fi 
l.371 \newpage
              pdfTeX warning (ext4): destination with the same identifier (name
{ALC@rem.1}) has been already used, duplicate ignored

\AtBegShi@Output ...ipout \box \AtBeginShipoutBox 
                                                  \fi \fi 
l.371 \newpage
              pdfTeX warning (ext4): destination with the same identifier (name
{ALC@rem.1}) has been already used, duplicate ignored

\AtBegShi@Output ...ipout \box \AtBeginShipoutBox 
                                                  \fi \fi 
l.371 \newpage
              pdfTeX warning (ext4): destination with the same identifier (name
{ALC@rem.1}) has been already used, duplicate ignored

\AtBegShi@Output ...ipout \box \AtBeginShipoutBox 
                                                  \fi \fi 
l.371 \newpage
              pdfTeX warning (ext4): destination with the same identifier (name
{ALC@rem.1}) has been already used, duplicate ignored

\AtBegShi@Output ...ipout \box \AtBeginShipoutBox 
                                                  \fi \fi 
l.371 \newpage
              pdfTeX warning (ext4): destination with the same identifier (name
{ALC@rem.1}) has been already used, duplicate ignored

\AtBegShi@Output ...ipout \box \AtBeginShipoutBox 
                                                  \fi \fi 
l.371 \newpage
              pdfTeX warning (ext4): destination with the same identifier (name
{ALC@rem.1}) has been already used, duplicate ignored

\AtBegShi@Output ...ipout \box \AtBeginShipoutBox 
                                                  \fi \fi 
l.371 \newpage
              pdfTeX warning (ext4): destination with the same identifier (name
{ALC@rem.1}) has been already used, duplicate ignored

\AtBegShi@Output ...ipout \box \AtBeginShipoutBox 
                                                  \fi \fi 
l.371 \newpage
              pdfTeX warning (ext4): destination with the same identifier (name
{ALC@rem.1}) has been already used, duplicate ignored

\AtBegShi@Output ...ipout \box \AtBeginShipoutBox 
                                                  \fi \fi 
l.371 \newpage
              ] [37pdfTeX warning (ext4): destination with the same identifier 
(name{ALC@rem.1}) has been already used, duplicate ignored

\AtBegShi@Output ...ipout \box \AtBeginShipoutBox 
                                                  \fi \fi 
l.371 \newpage
              pdfTeX warning (ext4): destination with the same identifier (name
{ALC@line.1}) has been already used, duplicate ignored

\AtBegShi@Output ...ipout \box \AtBeginShipoutBox 
                                                  \fi \fi 
l.371 \newpage
              pdfTeX warning (ext4): destination with the same identifier (name
{ALC@rem.1}) has been already used, duplicate ignored

\AtBegShi@Output ...ipout \box \AtBeginShipoutBox 
                                                  \fi \fi 
l.371 \newpage
              pdfTeX warning (ext4): destination with the same identifier (name
{ALC@line.2}) has been already used, duplicate ignored

\AtBegShi@Output ...ipout \box \AtBeginShipoutBox 
                                                  \fi \fi 
l.371 \newpage
              pdfTeX warning (ext4): destination with the same identifier (name
{ALC@rem.1}) has been already used, duplicate ignored

\AtBegShi@Output ...ipout \box \AtBeginShipoutBox 
                                                  \fi \fi 
l.371 \newpage
              pdfTeX warning (ext4): destination with the same identifier (name
{ALC@line.3}) has been already used, duplicate ignored

\AtBegShi@Output ...ipout \box \AtBeginShipoutBox 
                                                  \fi \fi 
l.371 \newpage
              pdfTeX warning (ext4): destination with the same identifier (name
{ALC@rem.1}) has been already used, duplicate ignored

\AtBegShi@Output ...ipout \box \AtBeginShipoutBox 
                                                  \fi \fi 
l.371 \newpage
              pdfTeX warning (ext4): destination with the same identifier (name
{ALC@line.4}) has been already used, duplicate ignored

\AtBegShi@Output ...ipout \box \AtBeginShipoutBox 
                                                  \fi \fi 
l.371 \newpage
              pdfTeX warning (ext4): destination with the same identifier (name
{ALC@rem.1}) has been already used, duplicate ignored

\AtBegShi@Output ...ipout \box \AtBeginShipoutBox 
                                                  \fi \fi 
l.371 \newpage
              pdfTeX warning (ext4): destination with the same identifier (name
{ALC@line.5}) has been already used, duplicate ignored

\AtBegShi@Output ...ipout \box \AtBeginShipoutBox 
                                                  \fi \fi 
l.371 \newpage
              pdfTeX warning (ext4): destination with the same identifier (name
{ALC@rem.1}) has been already used, duplicate ignored

\AtBegShi@Output ...ipout \box \AtBeginShipoutBox 
                                                  \fi \fi 
l.371 \newpage
              pdfTeX warning (ext4): destination with the same identifier (name
{ALC@line.6}) has been already used, duplicate ignored

\AtBegShi@Output ...ipout \box \AtBeginShipoutBox 
                                                  \fi \fi 
l.371 \newpage
              pdfTeX warning (ext4): destination with the same identifier (name
{ALC@rem.1}) has been already used, duplicate ignored

\AtBegShi@Output ...ipout \box \AtBeginShipoutBox 
                                                  \fi \fi 
l.371 \newpage
              pdfTeX warning (ext4): destination with the same identifier (name
{ALC@line.7}) has been already used, duplicate ignored

\AtBegShi@Output ...ipout \box \AtBeginShipoutBox 
                                                  \fi \fi 
l.371 \newpage
              pdfTeX warning (ext4): destination with the same identifier (name
{ALC@rem.1}) has been already used, duplicate ignored

\AtBegShi@Output ...ipout \box \AtBeginShipoutBox 
                                                  \fi \fi 
l.371 \newpage
              pdfTeX warning (ext4): destination with the same identifier (name
{ALC@line.8}) has been already used, duplicate ignored

\AtBegShi@Output ...ipout \box \AtBeginShipoutBox 
                                                  \fi \fi 
l.371 \newpage
              pdfTeX warning (ext4): destination with the same identifier (name
{ALC@rem.1}) has been already used, duplicate ignored

\AtBegShi@Output ...ipout \box \AtBeginShipoutBox 
                                                  \fi \fi 
l.371 \newpage
              pdfTeX warning (ext4): destination with the same identifier (name
{ALC@line.9}) has been already used, duplicate ignored

\AtBegShi@Output ...ipout \box \AtBeginShipoutBox 
                                                  \fi \fi 
l.371 \newpage
              pdfTeX warning (ext4): destination with the same identifier (name
{ALC@rem.1}) has been already used, duplicate ignored

\AtBegShi@Output ...ipout \box \AtBeginShipoutBox 
                                                  \fi \fi 
l.371 \newpage
              pdfTeX warning (ext4): destination with the same identifier (name
{ALC@line.10}) has been already used, duplicate ignored

\AtBegShi@Output ...ipout \box \AtBeginShipoutBox 
                                                  \fi \fi 
l.371 \newpage
              pdfTeX warning (ext4): destination with the same identifier (name
{ALC@rem.1}) has been already used, duplicate ignored

\AtBegShi@Output ...ipout \box \AtBeginShipoutBox 
                                                  \fi \fi 
l.371 \newpage
              pdfTeX warning (ext4): destination with the same identifier (name
{ALC@line.11}) has been already used, duplicate ignored

\AtBegShi@Output ...ipout \box \AtBeginShipoutBox 
                                                  \fi \fi 
l.371 \newpage
              pdfTeX warning (ext4): destination with the same identifier (name
{ALC@rem.1}) has been already used, duplicate ignored

\AtBegShi@Output ...ipout \box \AtBeginShipoutBox 
                                                  \fi \fi 
l.371 \newpage
              pdfTeX warning (ext4): destination with the same identifier (name
{ALC@line.12}) has been already used, duplicate ignored

\AtBegShi@Output ...ipout \box \AtBeginShipoutBox 
                                                  \fi \fi 
l.371 \newpage
              pdfTeX warning (ext4): destination with the same identifier (name
{ALC@rem.1}) has been already used, duplicate ignored

\AtBegShi@Output ...ipout \box \AtBeginShipoutBox 
                                                  \fi \fi 
l.371 \newpage
              pdfTeX warning (ext4): destination with the same identifier (name
{ALC@line.13}) has been already used, duplicate ignored

\AtBegShi@Output ...ipout \box \AtBeginShipoutBox 
                                                  \fi \fi 
l.371 \newpage
              pdfTeX warning (ext4): destination with the same identifier (name
{ALC@rem.1}) has been already used, duplicate ignored

\AtBegShi@Output ...ipout \box \AtBeginShipoutBox 
                                                  \fi \fi 
l.371 \newpage
              pdfTeX warning (ext4): destination with the same identifier (name
{ALC@line.14}) has been already used, duplicate ignored

\AtBegShi@Output ...ipout \box \AtBeginShipoutBox 
                                                  \fi \fi 
l.371 \newpage
              pdfTeX warning (ext4): destination with the same identifier (name
{ALC@rem.1}) has been already used, duplicate ignored

\AtBegShi@Output ...ipout \box \AtBeginShipoutBox 
                                                  \fi \fi 
l.371 \newpage
              pdfTeX warning (ext4): destination with the same identifier (name
{ALC@line.15}) has been already used, duplicate ignored

\AtBegShi@Output ...ipout \box \AtBeginShipoutBox 
                                                  \fi \fi 
l.371 \newpage
              pdfTeX warning (ext4): destination with the same identifier (name
{ALC@rem.1}) has been already used, duplicate ignored

\AtBegShi@Output ...ipout \box \AtBeginShipoutBox 
                                                  \fi \fi 
l.371 \newpage
              pdfTeX warning (ext4): destination with the same identifier (name
{ALC@line.16}) has been already used, duplicate ignored

\AtBegShi@Output ...ipout \box \AtBeginShipoutBox 
                                                  \fi \fi 
l.371 \newpage
              pdfTeX warning (ext4): destination with the same identifier (name
{ALC@rem.1}) has been already used, duplicate ignored

\AtBegShi@Output ...ipout \box \AtBeginShipoutBox 
                                                  \fi \fi 
l.371 \newpage
              pdfTeX warning (ext4): destination with the same identifier (name
{ALC@line.17}) has been already used, duplicate ignored

\AtBegShi@Output ...ipout \box \AtBeginShipoutBox 
                                                  \fi \fi 
l.371 \newpage
              pdfTeX warning (ext4): destination with the same identifier (name
{ALC@rem.1}) has been already used, duplicate ignored

\AtBegShi@Output ...ipout \box \AtBeginShipoutBox 
                                                  \fi \fi 
l.371 \newpage
              pdfTeX warning (ext4): destination with the same identifier (name
{ALC@line.18}) has been already used, duplicate ignored

\AtBegShi@Output ...ipout \box \AtBeginShipoutBox 
                                                  \fi \fi 
l.371 \newpage
              pdfTeX warning (ext4): destination with the same identifier (name
{ALC@rem.1}) has been already used, duplicate ignored

\AtBegShi@Output ...ipout \box \AtBeginShipoutBox 
                                                  \fi \fi 
l.371 \newpage
              pdfTeX warning (ext4): destination with the same identifier (name
{ALC@line.19}) has been already used, duplicate ignored

\AtBegShi@Output ...ipout \box \AtBeginShipoutBox 
                                                  \fi \fi 
l.371 \newpage
              pdfTeX warning (ext4): destination with the same identifier (name
{ALC@rem.1}) has been already used, duplicate ignored

\AtBegShi@Output ...ipout \box \AtBeginShipoutBox 
                                                  \fi \fi 
l.371 \newpage
              pdfTeX warning (ext4): destination with the same identifier (name
{ALC@line.20}) has been already used, duplicate ignored

\AtBegShi@Output ...ipout \box \AtBeginShipoutBox 
                                                  \fi \fi 
l.371 \newpage
              pdfTeX warning (ext4): destination with the same identifier (name
{ALC@rem.1}) has been already used, duplicate ignored

\AtBegShi@Output ...ipout \box \AtBeginShipoutBox 
                                                  \fi \fi 
l.371 \newpage
              pdfTeX warning (ext4): destination with the same identifier (name
{ALC@line.21}) has been already used, duplicate ignored

\AtBegShi@Output ...ipout \box \AtBeginShipoutBox 
                                                  \fi \fi 
l.371 \newpage
              pdfTeX warning (ext4): destination with the same identifier (name
{ALC@rem.1}) has been already used, duplicate ignored

\AtBegShi@Output ...ipout \box \AtBeginShipoutBox 
                                                  \fi \fi 
l.371 \newpage
              pdfTeX warning (ext4): destination with the same identifier (name
{ALC@line.22}) has been already used, duplicate ignored

\AtBegShi@Output ...ipout \box \AtBeginShipoutBox 
                                                  \fi \fi 
l.371 \newpage
              pdfTeX warning (ext4): destination with the same identifier (name
{ALC@rem.1}) has been already used, duplicate ignored

\AtBegShi@Output ...ipout \box \AtBeginShipoutBox 
                                                  \fi \fi 
l.371 \newpage
              pdfTeX warning (ext4): destination with the same identifier (name
{ALC@line.23}) has been already used, duplicate ignored

\AtBegShi@Output ...ipout \box \AtBeginShipoutBox 
                                                  \fi \fi 
l.371 \newpage
              pdfTeX warning (ext4): destination with the same identifier (name
{ALC@rem.1}) has been already used, duplicate ignored

\AtBegShi@Output ...ipout \box \AtBeginShipoutBox 
                                                  \fi \fi 
l.371 \newpage
              pdfTeX warning (ext4): destination with the same identifier (name
{ALC@line.24}) has been already used, duplicate ignored

\AtBegShi@Output ...ipout \box \AtBeginShipoutBox 
                                                  \fi \fi 
l.371 \newpage
              pdfTeX warning (ext4): destination with the same identifier (name
{ALC@rem.1}) has been already used, duplicate ignored

\AtBegShi@Output ...ipout \box \AtBeginShipoutBox 
                                                  \fi \fi 
l.371 \newpage
              pdfTeX warning (ext4): destination with the same identifier (name
{ALC@line.25}) has been already used, duplicate ignored

\AtBegShi@Output ...ipout \box \AtBeginShipoutBox 
                                                  \fi \fi 
l.371 \newpage
              pdfTeX warning (ext4): destination with the same identifier (name
{ALC@rem.1}) has been already used, duplicate ignored

\AtBegShi@Output ...ipout \box \AtBeginShipoutBox 
                                                  \fi \fi 
l.371 \newpage
              pdfTeX warning (ext4): destination with the same identifier (name
{ALC@line.26}) has been already used, duplicate ignored

\AtBegShi@Output ...ipout \box \AtBeginShipoutBox 
                                                  \fi \fi 
l.371 \newpage
              pdfTeX warning (ext4): destination with the same identifier (name
{ALC@rem.1}) has been already used, duplicate ignored

\AtBegShi@Output ...ipout \box \AtBeginShipoutBox 
                                                  \fi \fi 
l.371 \newpage
              pdfTeX warning (ext4): destination with the same identifier (name
{ALC@line.27}) has been already used, duplicate ignored

\AtBegShi@Output ...ipout \box \AtBeginShipoutBox 
                                                  \fi \fi 
l.371 \newpage
              pdfTeX warning (ext4): destination with the same identifier (name
{ALC@rem.1}) has been already used, duplicate ignored

\AtBegShi@Output ...ipout \box \AtBeginShipoutBox 
                                                  \fi \fi 
l.371 \newpage
              pdfTeX warning (ext4): destination with the same identifier (name
{ALC@line.28}) has been already used, duplicate ignored

\AtBegShi@Output ...ipout \box \AtBeginShipoutBox 
                                                  \fi \fi 
l.371 \newpage
              pdfTeX warning (ext4): destination with the same identifier (name
{ALC@rem.1}) has been already used, duplicate ignored

\AtBegShi@Output ...ipout \box \AtBeginShipoutBox 
                                                  \fi \fi 
l.371 \newpage
              pdfTeX warning (ext4): destination with the same identifier (name
{ALC@line.29}) has been already used, duplicate ignored

\AtBegShi@Output ...ipout \box \AtBeginShipoutBox 
                                                  \fi \fi 
l.371 \newpage
              pdfTeX warning (ext4): destination with the same identifier (name
{ALC@rem.1}) has been already used, duplicate ignored

\AtBegShi@Output ...ipout \box \AtBeginShipoutBox 
                                                  \fi \fi 
l.371 \newpage
              pdfTeX warning (ext4): destination with the same identifier (name
{ALC@line.30}) has been already used, duplicate ignored

\AtBegShi@Output ...ipout \box \AtBeginShipoutBox 
                                                  \fi \fi 
l.371 \newpage
              pdfTeX warning (ext4): destination with the same identifier (name
{ALC@rem.1}) has been already used, duplicate ignored

\AtBegShi@Output ...ipout \box \AtBeginShipoutBox 
                                                  \fi \fi 
l.371 \newpage
              pdfTeX warning (ext4): destination with the same identifier (name
{ALC@rem.1}) has been already used, duplicate ignored

\AtBegShi@Output ...ipout \box \AtBeginShipoutBox 
                                                  \fi \fi 
l.371 \newpage
              pdfTeX warning (ext4): destination with the same identifier (name
{ALC@rem.1}) has been already used, duplicate ignored

\AtBegShi@Output ...ipout \box \AtBeginShipoutBox 
                                                  \fi \fi 
l.371 \newpage
              pdfTeX warning (ext4): destination with the same identifier (name
{ALC@rem.1}) has been already used, duplicate ignored

\AtBegShi@Output ...ipout \box \AtBeginShipoutBox 
                                                  \fi \fi 
l.371 \newpage
              pdfTeX warning (ext4): destination with the same identifier (name
{ALC@rem.1}) has been already used, duplicate ignored

\AtBegShi@Output ...ipout \box \AtBeginShipoutBox 
                                                  \fi \fi 
l.371 \newpage
              pdfTeX warning (ext4): destination with the same identifier (name
{ALC@rem.1}) has been already used, duplicate ignored

\AtBegShi@Output ...ipout \box \AtBeginShipoutBox 
                                                  \fi \fi 
l.371 \newpage
              pdfTeX warning (ext4): destination with the same identifier (name
{ALC@rem.1}) has been already used, duplicate ignored

\AtBegShi@Output ...ipout \box \AtBeginShipoutBox 
                                                  \fi \fi 
l.371 \newpage
              pdfTeX warning (ext4): destination with the same identifier (name
{ALC@rem.1}) has been already used, duplicate ignored

\AtBegShi@Output ...ipout \box \AtBeginShipoutBox 
                                                  \fi \fi 
l.371 \newpage
              pdfTeX warning (ext4): destination with the same identifier (name
{ALC@rem.1}) has been already used, duplicate ignored

\AtBegShi@Output ...ipout \box \AtBeginShipoutBox 
                                                  \fi \fi 
l.371 \newpage
              pdfTeX warning (ext4): destination with the same identifier (name
{ALC@rem.1}) has been already used, duplicate ignored

\AtBegShi@Output ...ipout \box \AtBeginShipoutBox 
                                                  \fi \fi 
l.371 \newpage
              pdfTeX warning (ext4): destination with the same identifier (name
{ALC@rem.1}) has been already used, duplicate ignored

\AtBegShi@Output ...ipout \box \AtBeginShipoutBox 
                                                  \fi \fi 
l.371 \newpage
              pdfTeX warning (ext4): destination with the same identifier (name
{ALC@rem.1}) has been already used, duplicate ignored

\AtBegShi@Output ...ipout \box \AtBeginShipoutBox 
                                                  \fi \fi 
l.371 \newpage
              pdfTeX warning (ext4): destination with the same identifier (name
{ALC@rem.1}) has been already used, duplicate ignored

\AtBegShi@Output ...ipout \box \AtBeginShipoutBox 
                                                  \fi \fi 
l.371 \newpage
              pdfTeX warning (ext4): destination with the same identifier (name
{ALC@rem.1}) has been already used, duplicate ignored

\AtBegShi@Output ...ipout \box \AtBeginShipoutBox 
                                                  \fi \fi 
l.371 \newpage
              pdfTeX warning (ext4): destination with the same identifier (name
{ALC@rem.1}) has been already used, duplicate ignored

\AtBegShi@Output ...ipout \box \AtBeginShipoutBox 
                                                  \fi \fi 
l.371 \newpage
              pdfTeX warning (ext4): destination with the same identifier (name
{ALC@rem.1}) has been already used, duplicate ignored

\AtBegShi@Output ...ipout \box \AtBeginShipoutBox 
                                                  \fi \fi 
l.371 \newpage
              pdfTeX warning (ext4): destination with the same identifier (name
{ALC@rem.1}) has been already used, duplicate ignored

\AtBegShi@Output ...ipout \box \AtBeginShipoutBox 
                                                  \fi \fi 
l.371 \newpage
              pdfTeX warning (ext4): destination with the same identifier (name
{ALC@rem.1}) has been already used, duplicate ignored

\AtBegShi@Output ...ipout \box \AtBeginShipoutBox 
                                                  \fi \fi 
l.371 \newpage
              pdfTeX warning (ext4): destination with the same identifier (name
{ALC@rem.1}) has been already used, duplicate ignored

\AtBegShi@Output ...ipout \box \AtBeginShipoutBox 
                                                  \fi \fi 
l.371 \newpage
              pdfTeX warning (ext4): destination with the same identifier (name
{ALC@rem.1}) has been already used, duplicate ignored

\AtBegShi@Output ...ipout \box \AtBeginShipoutBox 
                                                  \fi \fi 
l.371 \newpage
              pdfTeX warning (ext4): destination with the same identifier (name
{ALC@rem.1}) has been already used, duplicate ignored

\AtBegShi@Output ...ipout \box \AtBeginShipoutBox 
                                                  \fi \fi 
l.371 \newpage
              pdfTeX warning (ext4): destination with the same identifier (name
{ALC@rem.1}) has been already used, duplicate ignored

\AtBegShi@Output ...ipout \box \AtBeginShipoutBox 
                                                  \fi \fi 
l.371 \newpage
              pdfTeX warning (ext4): destination with the same identifier (name
{ALC@rem.1}) has been already used, duplicate ignored

\AtBegShi@Output ...ipout \box \AtBeginShipoutBox 
                                                  \fi \fi 
l.371 \newpage
              ] [38] [39]pdfTeX warning (ext4): destination with the same ident
ifier (name{ALC@rem.1}) has been already used, duplicate ignored
<to be read again> 
                   \relax 
l.405 ...ge1.score \ensuremath{>} Passage2.score$}
                                                  pdfTeX warning (ext4): destin
ation with the same identifier (name{ALC@line.1}) has been already used, duplic
ate ignored
<to be read again> 
                   \relax 
l.405 ...ge1.score \ensuremath{>} Passage2.score$}
                                                  pdfTeX warning (ext4): destin
ation with the same identifier (name{ALC@line.2}) has been already used, duplic
ate ignored
<to be read again> 
                   \relax 
l.406 \RETURN
              1 \COMMENT{The question1 is considered as one true statement}pdfT
eX warning (ext4): destination with the same identifier (name{ALC@line.3}) has 
been already used, duplicate ignored
<to be read again> 
                   \relax 
l.407 ...]{$Passage1.score \equiv Passage2.score$}
                                                  pdfTeX warning (ext4): destin
ation with the same identifier (name{ALC@line.4}) has been already used, duplic
ate ignored
<to be read again> 
                   \relax 
l.408 ...stance \ensuremath{<} Passage2.distance$}
                                                  pdfTeX warning (ext4): destin
ation with the same identifier (name{ALC@line.5}) has been already used, duplic
ate ignored
<to be read again> 
                   \relax 
l.409 		\STATE
               return 1 \COMMENT{The question1 is considered as one true sta...
pdfTeX warning (ext4): destination with the same identifier (name{ALC@line.6}) 
has been already used, duplicate ignored
<to be read again> 
                   \relax 
l.410 ...age1.distance $\equiv$ Passage2.distance}
                                                  pdfTeX warning (ext4): destin
ation with the same identifier (name{ALC@line.7}) has been already used, duplic
ate ignored
<to be read again> 
                   \relax 
l.411 		\STATE
               $Ngrams = 2$pdfTeX warning (ext4): destination with the same ide
ntifier (name{ALC@line.8}) has been already used, duplicate ignored
<to be read again> 
                   \relax 
l.412 ...]{$Passage1.score \equiv Passage2.score$}
                                                  pdfTeX warning (ext4): destin
ation with the same identifier (name{ALC@line.9}) has been already used, duplic
ate ignored
<to be read again> 
                   \relax 
l.413 		\STATE
               $Passage1.score \gets getPassageScore(Passage1,Question1,Ngra...
pdfTeX warning (ext4): destination with the same identifier (name{ALC@line.10})
 has been already used, duplicate ignored
<to be read again> 
                   \relax 
l.414 		\STATE
               $Passage2.score \gets getPassageScore(Passage2,Question2,Ngra...
pdfTeX warning (ext4): destination with the same identifier (name{ALC@line.11})
 has been already used, duplicate ignored
<to be read again> 
                   \relax 
l.415 		\STATE
               $Ngrams \gets Ngrams+1$ \COMMENT{Increase Ngrams by 1}pdfTeX war
ning (ext4): destination with the same identifier (name{ALC@line.12}) has been 
already used, duplicate ignored
<to be read again> 
                   \relax 
l.416 		\ENDWHILE
                 pdfTeX warning (ext4): destination with the same identifier (n
ame{ALC@line.13}) has been already used, duplicate ignored
<to be read again> 
                   \relax 
l.417 ...ge1.score \ensuremath{>} Passage2.score$}
                                                  pdfTeX warning (ext4): destin
ation with the same identifier (name{ALC@line.14}) has been already used, dupli
cate ignored
<to be read again> 
                   \relax 
l.418 			\STATE
                return 1; \COMMENT{The question1 is considered as one true s...
pdfTeX warning (ext4): destination with the same identifier (name{ALC@line.15})
 has been already used, duplicate ignored
<to be read again> 
                   \relax 
l.420 			\IF
            [If the length of question1 is smaller]{$Question1.length	 \ensu...
pdfTeX warning (ext4): destination with the same identifier (name{ALC@line.16})
 has been already used, duplicate ignored
<to be read again> 
                   \relax 
l.420 ...ength	 \ensuremath{<}  Question2.length$}
                                                  pdfTeX warning (ext4): destin
ation with the same identifier (name{ALC@line.17}) has been already used, dupli
cate ignored
<to be read again> 
                   \relax 
l.421 						\STATE
                   return 1; \COMMENT{The question1 is considered as one tru...
pdfTeX warning (ext4): destination with the same identifier (name{ALC@line.18})
 has been already used, duplicate ignored
<to be read again> 
                   \relax 
l.422 			 \ENDIF
                pdfTeX warning (ext4): destination with the same identifier (na
me{ALC@line.19}) has been already used, duplicate ignored
<to be read again> 
                   \relax 
l.423 		     \STATE
                    return 2; \COMMENT{The question2 is considered as one tr...
pdfTeX warning (ext4): destination with the same identifier (name{ALC@line.20})
 has been already used, duplicate ignored
<to be read again> 
                   \relax 
l.424 		\ENDIF
              pdfTeX warning (ext4): destination with the same identifier (name
{ALC@line.21}) has been already used, duplicate ignored
<to be read again> 
                   \relax 
l.425 	\ENDIF
             pdfTeX warning (ext4): destination with the same identifier (name{
ALC@line.22}) has been already used, duplicate ignored
<to be read again> 
                   \relax 
l.426 \ENDIF
            
Overfull \hbox (49.5286pt too wide) in paragraph at lines 436--436
[]\OT1/cmtt/m/n/8 denis:   So I do 9 not 10 know 11 if 12 you 13 all 14 receive
d the the a- 18 agenda for this 21 meeting.[] 
 []


Overfull \hbox (49.5286pt too wide) in paragraph at lines 445--445
[]\OT1/cmtt/m/n/8 denis:   So I do 9 not 10 know 11 if 12 you 13 all 14 receive
d the the a- 18 agenda for this 21 meeting.[] 
 []

[40]) (Evaluation_method.tex [41]
Chapter 5.
[42

]
Overfull \hbox (3.39598pt too wide) in paragraph at lines 18--18
[]\OT1/cmr/bx/n/17.28 True-false Ques-tion An-swer-ing Eval-u-a-tion 
 []

[43]pdfTeX warning (ext4): destination with the same identifier (name{ALC@rem.1
}) has been already used, duplicate ignored
<to be read again> 
                   \relax 
l.33 \STATE
            $Score = 0$pdfTeX warning (ext4): destination with the same identif
ier (name{ALC@line.1}) has been already used, duplicate ignored
<to be read again> 
                   \relax 
l.33 \STATE
            $Score = 0$pdfTeX warning (ext4): destination with the same identif
ier (name{ALC@rem.2}) has been already used, duplicate ignored
<to be read again> 
                   \relax 
l.34 ..., Test)]{each $Training Data$ from 1 to 5}
                                                  pdfTeX warning (ext4): destin
ation with the same identifier (name{ALC@line.2}) has been already used, duplic
ate ignored
<to be read again> 
                   \relax 
l.34 ..., Test)]{each $Training Data$ from 1 to 5}
                                                  pdfTeX warning (ext4): destin
ation with the same identifier (name{ALC@rem.3}) has been already used, duplica
te ignored
<to be read again> 
                   \relax 
l.35 ...x $Question Size$ to 13 x $Question Size$}
                                                  pdfTeX warning (ext4): destin
ation with the same identifier (name{ALC@line.3}) has been already used, duplic
ate ignored
<to be read again> 
                   \relax 
l.35 ...x $Question Size$ to 13 x $Question Size$}
                                                  pdfTeX warning (ext4): destin
ation with the same identifier (name{ALC@rem.4}) has been already used, duplica
te ignored
<to be read again> 
                   \relax 
l.36 ...from 1 x $Question Size$ to $Window Size$}
                                                  pdfTeX warning (ext4): destin
ation with the same identifier (name{ALC@line.4}) has been already used, duplic
ate ignored
<to be read again> 
                   \relax 
l.36 ...from 1 x $Question Size$ to $Window Size$}
                                                  pdfTeX warning (ext4): destin
ation with the same identifier (name{ALC@rem.5}) has been already used, duplica
te ignored
<to be read again> 
                   \relax 
l.38 \STATE
            Find relevant passage over Training Data by the algorithm \ref{a...
pdfTeX warning (ext4): destination with the same identifier (name{ALC@line.5}) 
has been already used, duplicate ignored
<to be read again> 
                   \relax 
l.38 \STATE
            Find relevant passage over Training Data by the algorithm \ref{a...
pdfTeX warning (ext4): destination with the same identifier (name{ALC@rem.6}) h
as been already used, duplicate ignored
<to be read again> 
                   \relax 
l.40 \STATE
            {Save passage $P\_max$ whose score is highest until now	}pdfTeX war
ning (ext4): destination with the same identifier (name{ALC@line.6}) has been a
lready used, duplicate ignored
<to be read again> 
                   \relax 
l.40 \STATE
            {Save passage $P\_max$ whose score is highest until now	}pdfTeX war
ning (ext4): destination with the same identifier (name{ALC@rem.7}) has been al
ready used, duplicate ignored
<to be read again> 
                   \relax 
l.42 \ENDFOR
            pdfTeX warning (ext4): destination with the same identifier (name{A
LC@line.7}) has been already used, duplicate ignored
<to be read again> 
                   \relax 
l.42 \ENDFOR
            pdfTeX warning (ext4): destination with the same identifier (name{A
LC@rem.8}) has been already used, duplicate ignored
<to be read again> 
                   \relax 
l.43 \ENDFOR
            pdfTeX warning (ext4): destination with the same identifier (name{A
LC@line.8}) has been already used, duplicate ignored
<to be read again> 
                   \relax 
l.43 \ENDFOR
            pdfTeX warning (ext4): destination with the same identifier (name{A
LC@rem.9}) has been already used, duplicate ignored
<to be read again> 
                   \relax 
l.47 \STATE
            $Score = Score + P.Score$pdfTeX warning (ext4): destination with th
e same identifier (name{ALC@line.9}) has been already used, duplicate ignored
<to be read again> 
                   \relax 
l.47 \STATE
            $Score = Score + P.Score$pdfTeX warning (ext4): destination with th
e same identifier (name{ALC@rem.10}) has been already used, duplicate ignored
<to be read again> 
                   \relax 
l.49 \ENDFOR
            pdfTeX warning (ext4): destination with the same identifier (name{A
LC@line.10}) has been already used, duplicate ignored
<to be read again> 
                   \relax 
l.49 \ENDFOR
            pdfTeX warning (ext4): destination with the same identifier (name{A
LC@rem.11}) has been already used, duplicate ignored
<to be read again> 
                   \relax 
l.51 \RETURN
             {\ensuremath{\dfrac{Score}{5}}}pdfTeX warning (ext4): destination 
with the same identifier (name{ALC@line.11}) has been already used, duplicate i
gnored
<to be read again> 
                   \relax 
l.51 \RETURN
             {\ensuremath{\dfrac{Score}{5}}} [44]) (Results.tex [45]
Chapter 6.
[46

] [47] [48]
Overfull \hbox (55.78032pt too wide) in paragraph at lines 63--73
 [] 
 []

[49] [50] [51] [52] [53] [54] [55] [56] [57] [58] [59] [60] [61] [62])
(Conclusion.tex
Chapter 7.
[63

]) (Appendix.tex [64]
<IB4010_optimisation.jpg, id=802, 531.1845pt x 399.29175pt>
File: IB4010_optimisation.jpg Graphic file (type jpg)

<use IB4010_optimisation.jpg>
Overfull \hbox (59.03119pt too wide) in paragraph at lines 9--10
 [][] 
 []

[65

 <IB4010_optimisation.jpg>]
<IS1008c_optimisation.jpg, id=807, 530.58224pt x 411.33675pt>
File: IS1008c_optimisation.jpg Graphic file (type jpg)

<use IS1008c_optimisation.jpg>
Overfull \hbox (58.51929pt too wide) in paragraph at lines 19--20
 [][] 
 []

[66 <IS1008c_optimisation.jpg>] [67]) (Bibliography.tex (Report.bbl [68]
[69

]
Missing character: There is no ’ in font cmr12!
 [70]
Underfull \hbox (badness 10000) in paragraph at lines 112--119
\OT1/cmtt/m/n/12 be / books ? hl = fr&lr = &id = o57AoHIMj3UC&oi = fnd&pg = PA7
3&dq = Okapi +
 []

[71]
Underfull \hbox (badness 2005) in paragraph at lines 193--200
\OT1/cmr/m/n/12 tual in-for-ma-tion sys-tems.  \OT1/cmr/m/it/12 Jour-nal of Doc
-u-men-ta-tion\OT1/cmr/m/n/12 , 54(1):48--
 []

[72]
Missing character: There is no ’ in font cmti12!
 [73] [74])) [75] (Report.aux) )
(\end occurred inside a group at level 2)

### semi simple group (level 2) entered at line 45 (\begingroup)
### semi simple group (level 1) entered at line 38 (\begingroup)
### bottom level 
Here is how much of TeX's memory you used:
 9141 strings out of 95304
 129380 string characters out of 1183070
 245006 words of memory out of 1500000
 11880 multiletter control sequences out of 110000
 13010 words of font info for 49 fonts, out of 3000000 for 5000
 14 hyphenation exceptions out of 8191
 36i,15n,38p,2251b,5871s stack positions out of 5000i,500n,10000p,200000b,50000s
pdfTeX warning (dest): name{algorithm.5.1} has been referenced 
but does not exist, replaced by a fixed one

pdfTeX warning (dest): name{algorithm.4.3} has been referenced but does not exi
st, replaced by a fixed one

pdfTeX warning (dest): name{algorithm.4.2} has been referenced but does not exi
st, replaced by a fixed one

pdfTeX warning (dest): name{algorithm.4.1} has been referenced but does not exi
st, replaced by a fixed one

<C:/Program Files/MiKTeX 2.7/fonts/type1/bluesky/cm/cmbx10.pfb><C:/Program File
s/MiKTeX 2.7/fonts/type1/bluesky/cm/cmbx12.pfb><C:/Program Files/MiKTeX 2.7/fon
ts/type1/bluesky/cm/cmbx8.pfb><C:/Program Files/MiKTeX 2.7/fonts/type1/bluesky/
cm/cmex10.pfb><C:/Program Files/MiKTeX 2.7/fonts/type1/bluesky/cm/cmmi12.pfb><C
:/Program Files/MiKTeX 2.7/fonts/type1/bluesky/cm/cmmi8.pfb><C:/Program Files/M
iKTeX 2.7/fonts/type1/bluesky/cm/cmr10.pfb><C:/Program Files/MiKTeX 2.7/fonts/t
ype1/bluesky/cm/cmr12.pfb><C:/Program Files/MiKTeX 2.7/fonts/type1/bluesky/cm/c
mr6.pfb><C:/Program Files/MiKTeX 2.7/fonts/type1/bluesky/cm/cmr8.pfb><C:/Progra
m Files/MiKTeX 2.7/fonts/type1/bluesky/cm/cmsy10.pfb><C:/Program Files/MiKTeX 2
.7/fonts/type1/bluesky/cm/cmsy8.pfb><C:/Program Files/MiKTeX 2.7/fonts/type1/bl
uesky/cm/cmti10.pfb><C:/Program Files/MiKTeX 2.7/fonts/type1/bluesky/cm/cmti12.
pfb><C:/Program Files/MiKTeX 2.7/fonts/type1/bluesky/cm/cmtt12.pfb><C:/Program 
Files/MiKTeX 2.7/fonts/type1/bluesky/cm/cmtt8.pfb><C:/Program Files/MiKTeX 2.7/
fonts/type1/bluesky/latex-fonts/line10.pfb><C:/Program Files/MiKTeX 2.7/fonts/t
ype1/bluesky/ams/msam7.pfb><C:/Program Files/MiKTeX 2.7/fonts/type1/bluesky/ams
/msbm7.pfb>
Output written on Report.pdf (75 pages, 1894071 bytes).
PDF statistics:
 1017 PDF objects out of 1200 (max. 8388607)
 274 named destinations out of 1000 (max. 131072)
 347 words of extra memory for PDF output out of 10000 (max. 10000000)

