This is pdfTeX, Version 3.1415926-1.40.9 (MiKTeX 2.7) (preloaded format=pdflatex 2009.2.7)  19 FEB 2009 01:01
entering extended mode
**apb-acl-2009.tex
(apb-acl-2009.tex
LaTeX2e <2005/12/01>
Babel <v3.8l> and hyphenation patterns for english, dumylang, nohyphenation, ge
rman, ngerman, german-x-2008-06-18, ngerman-x-2008-06-18, french, loaded.
("C:\Program Files\MiKTeX 2.7\tex\latex\base\article.cls"
Document Class: article 2005/09/16 v1.4f Standard LaTeX document class
("C:\Program Files\MiKTeX 2.7\tex\latex\base\size11.clo"
File: size11.clo 2005/09/16 v1.4f Standard LaTeX file (size option)
)
\c@part=\count79
\c@section=\count80
\c@subsection=\count81
\c@subsubsection=\count82
\c@paragraph=\count83
\c@subparagraph=\count84
\c@figure=\count85
\c@table=\count86
\abovecaptionskip=\skip41
\belowcaptionskip=\skip42
\bibindent=\dimen102
) (acl-ijcnlp2009.sty
Conference Style for ACL 2005 -- released Octobe 11, 2004
\titlebox=\skip43
) ("C:\Program Files\MiKTeX 2.7\tex\latex\psnfss\times.sty"
Package: times 2005/04/12 PSNFSS-v9.2a (SPQR) 
)
("C:\Program Files\MiKTeX 2.7\tex\latex\ltxmisc\url.sty"
\Urlmuskip=\muskip10
Package: url 2006/04/12  ver 3.3  Verb mode for urls, etc.
)
("C:\Program Files\MiKTeX 2.7\tex\latex\base\latexsym.sty"
Package: latexsym 1998/08/17 v2.2e Standard LaTeX package (lasy symbols)
\symlasy=\mathgroup4
LaTeX Font Info:    Overwriting symbol font `lasy' in version `bold'
(Font)                  U/lasy/m/n --> U/lasy/b/n on input line 47.
)
No file apb-acl-2009.aux.
LaTeX Font Info:    Checking defaults for OML/cmm/m/it on input line 29.
LaTeX Font Info:    ... okay on input line 29.
LaTeX Font Info:    Checking defaults for T1/cmr/m/n on input line 29.
LaTeX Font Info:    ... okay on input line 29.
LaTeX Font Info:    Checking defaults for OT1/cmr/m/n on input line 29.
LaTeX Font Info:    ... okay on input line 29.
LaTeX Font Info:    Checking defaults for OMS/cmsy/m/n on input line 29.
LaTeX Font Info:    ... okay on input line 29.
LaTeX Font Info:    Checking defaults for OMX/cmex/m/n on input line 29.
LaTeX Font Info:    ... okay on input line 29.
LaTeX Font Info:    Checking defaults for U/cmr/m/n on input line 29.
LaTeX Font Info:    ... okay on input line 29.
LaTeX Font Info:    Try loading font information for OT1+ptm on input line 29.
("C:\Program Files\MiKTeX 2.7\tex\latex\psnfss\ot1ptm.fd"
File: ot1ptm.fd 2001/06/04 font definitions for OT1/ptm.
)
LaTeX Font Info:    Font shape `OT1/ptm/bx/n' in size <14.4> not available
(Font)              Font shape `OT1/ptm/b/n' tried instead on input line 30.
LaTeX Font Info:    External font `cmex10' loaded for size
(Font)              <12> on input line 30.
LaTeX Font Info:    External font `cmex10' loaded for size
(Font)              <8> on input line 30.
LaTeX Font Info:    External font `cmex10' loaded for size
(Font)              <6> on input line 30.
LaTeX Font Info:    Try loading font information for U+lasy on input line 30.

("C:\Program Files\MiKTeX 2.7\tex\latex\base\ulasy.fd"
File: ulasy.fd 1998/08/17 v2.2e LaTeX symbol font definitions
)
LaTeX Font Info:    Font shape `OT1/ptm/bx/n' in size <12> not available
(Font)              Font shape `OT1/ptm/b/n' tried instead on input line 30.
LaTeX Font Info:    Try loading font information for OT1+pcr on input line 30.

("C:\Program Files\MiKTeX 2.7\tex\latex\psnfss\ot1pcr.fd"
File: ot1pcr.fd 2001/06/04 font definitions for OT1/pcr.
)
LaTeX Font Info:    External font `cmex10' loaded for size
(Font)              <10.95> on input line 34.

Underfull \hbox (badness 1097) in paragraph at lines 32--35
\OT1/ptm/m/n/10.95 us-ing pas-sage re-trieval over a meet-ing
 []


Underfull \hbox (badness 1418) in paragraph at lines 42--43
\OT1/ptm/m/n/10.95 The in-creas-ing amount of mul-ti-me-dia record-
 []

LaTeX Font Info:    Font shape `OT1/ptm/bx/n' in size <10.95> not available
(Font)              Font shape `OT1/ptm/b/n' tried instead on input line 48.

LaTeX Warning: Reference `sec:browsers' on page 1 undefined on input line 48.


LaTeX Warning: Reference `sec:eval' on page 1 undefined on input line 48.


LaTeX Warning: Reference `sec:previous-results' on page 1 undefined on input li
ne 48.


LaTeX Warning: Reference `sec:autobet' on page 1 undefined on input line 48.


LaTeX Warning: Reference `sec:autobet-results' on page 1 undefined on input lin
e 48.


Underfull \hbox (badness 1436) in paragraph at lines 48--49
\OT1/ptm/m/n/10.95 the re-sults ob-tained when sev-eral browsers --
 []

[1{C:/ProgramData/MiKTeX/2.7/pdftex/config/pdftex.map}



]

LaTeX Warning: Citation `Janin2003' on page 2 undefined on input line 56.


LaTeX Warning: Citation `car06' on page 2 undefined on input line 56.


LaTeX Warning: Citation `Mostefa2007' on page 2 undefined on input line 56.


LaTeX Warning: Citation `tucker-whittaker-mlmi04' on page 2 undefined on input 
line 58.


LaTeX Warning: Citation `lisowska-lrec04' on page 2 undefined on input line 58.



LaTeX Warning: Citation `nijholt2006' on page 2 undefined on input line 58.


LaTeX Warning: Citation `whittaker-puc08' on page 2 undefined on input line 58.


LaTeX Font Info:    External font `cmex10' loaded for size
(Font)              <9> on input line 58.
LaTeX Font Info:    External font `cmex10' loaded for size
(Font)              <5> on input line 58.

LaTeX Warning: Citation `lalanne-im2browsers05' on page 2 undefined on input li
ne 65.


LaTeX Warning: Citation `whittaker-puc08' on page 2 undefined on input line 65.



LaTeX Warning: Citation `lalanne-im2browsers05' on page 2 undefined on input li
ne 68.


LaTeX Warning: Citation `ferret-mlmi-04' on page 2 undefined on input line 70.


LaTeX Warning: Citation `wellner-chi05' on page 2 undefined on input line 70.


LaTeX Warning: Citation `ami-d64' on page 2 undefined on input line 74.


LaTeX Warning: Citation `popescubelis-mlmi07' on page 2 undefined on input line
 74.


LaTeX Warning: Citation `popescubelis-lrec06' on page 2 undefined on input line
 76.


LaTeX Warning: Citation `popescubelis-mlmi07' on page 2 undefined on input line
 76.


LaTeX Warning: Citation `rigamonti06' on page 2 undefined on input line 78.


LaTeX Warning: Citation `Ailomaa2006' on page 2 undefined on input line 80.


LaTeX Warning: Citation `Melichar2008' on page 2 undefined on input line 80.


LaTeX Warning: Citation `gib00' on page 2 undefined on input line 90.


LaTeX Warning: Citation `mol02' on page 2 undefined on input line 90.


LaTeX Warning: Citation `dyb04' on page 2 undefined on input line 90.


LaTeX Warning: Citation `wal97' on page 2 undefined on input line 92.


LaTeX Warning: Citation `tra04' on page 2 undefined on input line 92.


LaTeX Warning: Citation `Voorhees1999' on page 2 undefined on input line 94.


LaTeX Warning: Citation `Voorhees2001' on page 2 undefined on input line 94.


LaTeX Warning: Citation `Voorhees2003' on page 2 undefined on input line 94.


LaTeX Warning: Reference `sec:autobet' on page 2 undefined on input line 94.

[2]

LaTeX Warning: Citation `gon05' on page 3 undefined on input line 96.


LaTeX Warning: Citation `post-hcii07' on page 3 undefined on input line 98.


LaTeX Warning: Citation `summeval-mlmi08' on page 3 undefined on input line 98.



LaTeX Warning: Citation `whittaker-puc08' on page 3 undefined on input line 100
.


LaTeX Warning: Citation `wellner-chi05' on page 3 undefined on input line 106.


LaTeX Warning: Citation `popescubelis-mlmi07' on page 3 undefined on input line
 106.


Underfull \hbox (badness 3536) in paragraph at lines 110--111
[]\OT1/ptm/m/n/10.95 How the ques-tions were col-lected (un-like
 []


LaTeX Warning: Citation `car06' on page 3 undefined on input line 113.


LaTeX Warning: Reference `tab:bet-observations' on page 3 undefined on input li
ne 118.

LaTeX Font Info:    Font shape `OT1/ptm/bx/n' in size <9> not available
(Font)              Font shape `OT1/ptm/b/n' tried instead on input line 127.

LaTeX Warning: Citation `ami-d64' on page 3 undefined on input line 163.


LaTeX Warning: Citation `popescubelis-mlmi07' on page 3 undefined on input line
 163.

[3]

LaTeX Warning: Reference `sec:browsers' on page 4 undefined on input line 224.


LaTeX Warning: Reference `tab:human-scores' on page 4 undefined on input line 2
24.


LaTeX Warning: Citation `whittaker-puc08' on page 4 undefined on input line 235
.


LaTeX Warning: Citation `whittaker-puc08' on page 4 undefined on input line 235
.


LaTeX Warning: Citation `ami-d64' on page 4 undefined on input line 240.


LaTeX Warning: Citation `ami-d64' on page 4 undefined on input line 243.


Underfull \vbox (badness 5681) has occurred while \output is active []

 [4]

LaTeX Warning: Citation `ami-d64' on page 5 undefined on input line 248.


Underfull \vbox (badness 4403) has occurred while \output is active []



LaTeX Warning: Citation `popescubelis-mlmi07' on page 5 undefined on input line
 255.


LaTeX Warning: Citation `popescubelis-lrec08' on page 5 undefined on input line
 255.


LaTeX Warning: Reference `tab:human-scores' on page 5 undefined on input line 2
64.

[5]

LaTeX Warning: Citation `rigamonti06' on page 6 undefined on input line 268.


LaTeX Warning: Citation `Melichar2008' on page 6 undefined on input line 279.


Underfull \hbox (badness 2653) in paragraph at lines 279--280
[]\OT1/ptm/m/n/10.95 An eval-u-a-tion of Archivus is avail-able in
 []

[6]
Underfull \hbox (badness 1097) in paragraph at lines 365--386
\OT1/ptm/m/n/10.95 and ques-tion1 d2 = Dis-tance among matched
 []

[7]

LaTeX Warning: Reference `tab:autobet-scores' on page 8 undefined on input line
 466.


LaTeX Warning: Reference `tab:autobet-scores' on page 8 undefined on input line
 467.


LaTeX Warning: Reference `tab:autobet-vs-humans-ib' on page 8 undefined on inpu
t line 469.


LaTeX Warning: Reference `tab:autobet-vs-humans-is' on page 8 undefined on inpu
t line 469.

No file apb-acl-2009.bbl.
[8

] [9] (apb-acl-2009.aux)

LaTeX Warning: There were undefined references.


LaTeX Warning: Label(s) may have changed. Rerun to get cross-references right.

 ) 
Here is how much of TeX's memory you used:
 508 strings out of 95304
 5910 string characters out of 1183071
 66179 words of memory out of 1500000
 3742 multiletter control sequences out of 110000
 26490 words of font info for 60 fonts, out of 3000000 for 5000
 14 hyphenation exceptions out of 8191
 23i,11n,23p,1125b,313s stack positions out of 5000i,500n,10000p,200000b,50000s
{C:/Program Files/MiKTeX 2.7/fonts/enc/dvips/fontname/8r.enc}<C:/Program File
s/MiKTeX 2.7/fonts/type1/bluesky/cm/cmex10.pfb><C:/Program Files/MiKTeX 2.7/fon
ts/type1/bluesky/cm/cmmi10.pfb><C:/Program Files/MiKTeX 2.7/fonts/type1/bluesky
/cm/cmmi8.pfb><C:/Program Files/MiKTeX 2.7/fonts/type1/bluesky/cm/cmmi9.pfb><C:
/Program Files/MiKTeX 2.7/fonts/type1/bluesky/cm/cmr10.pfb><C:/Program Files/Mi
KTeX 2.7/fonts/type1/bluesky/cm/cmr8.pfb><C:/Program Files/MiKTeX 2.7/fonts/typ
e1/bluesky/cm/cmsy10.pfb><C:/Program Files/MiKTeX 2.7/fonts/type1/bluesky/cm/cm
sy8.pfb><C:/Program Files/MiKTeX 2.7/fonts/type1/urw/courier/ucrr8a.pfb><C:/Pro
gram Files/MiKTeX 2.7/fonts/type1/urw/times/utmb8a.pfb><C:/Program Files/MiKTeX
 2.7/fonts/type1/urw/times/utmr8a.pfb><C:/Program Files/MiKTeX 2.7/fonts/type1/
urw/times/utmri8a.pfb>
Output written on apb-acl-2009.pdf (9 pages, 121418 bytes).
PDF statistics:
 81 PDF objects out of 1000 (max. 8388607)
 0 named destinations out of 1000 (max. 131072)
 1 words of extra memory for PDF output out of 10000 (max. 10000000)

