This is pdfTeX, Version 3.1415926-1.40.9 (MiKTeX 2.7) (preloaded format=pdflatex 2009.2.7)  15 FEB 2009 10:57
entering extended mode
**Appendix.tex
(Appendix.tex
LaTeX2e <2005/12/01>
Babel <v3.8l> and hyphenation patterns for english, dumylang, nohyphenation, ge
rman, ngerman, german-x-2008-06-18, ngerman-x-2008-06-18, french, loaded.
! Undefined control sequence.
l.1 \chapter
            *{Appendix}
The control sequence at the end of the top line
of your error message was never \def'ed. If you have
misspelled it (e.g., `\hobx'), type `I' and the correct
spelling (e.g., `I\hbox'). Otherwise just continue,
and I'll forget about whatever was undefined.


! LaTeX Error: Missing \begin{document}.

See the LaTeX manual or LaTeX Companion for explanation.
Type  H <return>  for immediate help.
 ...                                              
                                                  
l.1 \chapter*
             {Appendix}
You're in trouble here.  Try typing  <return>  to proceed.
If that doesn't work, type  X <return>  to quit.

Missing character: There is no * in font nullfont!
Missing character: There is no A in font nullfont!
Missing character: There is no p in font nullfont!
Missing character: There is no p in font nullfont!
Missing character: There is no e in font nullfont!
Missing character: There is no n in font nullfont!
Missing character: There is no d in font nullfont!
Missing character: There is no i in font nullfont!
Missing character: There is no x in font nullfont!

Overfull \hbox (20.0pt too wide) in paragraph at lines 1--3
[]
 []

! Undefined control sequence.
l.10 \section
             {Source code}
The control sequence at the end of the top line
of your error message was never \def'ed. If you have
misspelled it (e.g., `\hobx'), type `I' and the correct
spelling (e.g., `I\hbox'). Otherwise just continue,
and I'll forget about whatever was undefined.


! LaTeX Error: Missing \begin{document}.

See the LaTeX manual or LaTeX Companion for explanation.
Type  H <return>  for immediate help.
 ...                                              
                                                  
l.10 \section{S
               ource code}
You're in trouble here.  Try typing  <return>  to proceed.
If that doesn't work, type  X <return>  to quit.

Missing character: There is no S in font nullfont!
Missing character: There is no o in font nullfont!
Missing character: There is no u in font nullfont!
Missing character: There is no r in font nullfont!
Missing character: There is no c in font nullfont!
Missing character: There is no e in font nullfont!
Missing character: There is no c in font nullfont!
Missing character: There is no o in font nullfont!
Missing character: There is no d in font nullfont!
Missing character: There is no e in font nullfont!

Overfull \hbox (20.0pt too wide) in paragraph at lines 10--11
[]
 []

! Undefined control sequence.
l.13 \lstset
            {numbers=left, stepnumber=2, frame=single,breaklines=false,basic...
The control sequence at the end of the top line
of your error message was never \def'ed. If you have
misspelled it (e.g., `\hobx'), type `I' and the correct
spelling (e.g., `I\hbox'). Otherwise just continue,
and I'll forget about whatever was undefined.


! LaTeX Error: Missing \begin{document}.

See the LaTeX manual or LaTeX Companion for explanation.
Type  H <return>  for immediate help.
 ...                                              
                                                  
l.13 \lstset{n
              umbers=left, stepnumber=2, frame=single,breaklines=false,basic...

You're in trouble here.  Try typing  <return>  to proceed.
If that doesn't work, type  X <return>  to quit.

Missing character: There is no n in font nullfont!
Missing character: There is no u in font nullfont!
Missing character: There is no m in font nullfont!
Missing character: There is no b in font nullfont!
Missing character: There is no e in font nullfont!
Missing character: There is no r in font nullfont!
Missing character: There is no s in font nullfont!
Missing character: There is no = in font nullfont!
Missing character: There is no l in font nullfont!
Missing character: There is no e in font nullfont!
Missing character: There is no f in font nullfont!
Missing character: There is no t in font nullfont!
Missing character: There is no , in font nullfont!
Missing character: There is no s in font nullfont!
Missing character: There is no t in font nullfont!
Missing character: There is no e in font nullfont!
Missing character: There is no p in font nullfont!
Missing character: There is no n in font nullfont!
Missing character: There is no u in font nullfont!
Missing character: There is no m in font nullfont!
Missing character: There is no b in font nullfont!
Missing character: There is no e in font nullfont!
Missing character: There is no r in font nullfont!
Missing character: There is no = in font nullfont!
Missing character: There is no 2 in font nullfont!
Missing character: There is no , in font nullfont!
Missing character: There is no f in font nullfont!
Missing character: There is no r in font nullfont!
Missing character: There is no a in font nullfont!
Missing character: There is no m in font nullfont!
Missing character: There is no e in font nullfont!
Missing character: There is no = in font nullfont!
Missing character: There is no s in font nullfont!
Missing character: There is no i in font nullfont!
Missing character: There is no n in font nullfont!
Missing character: There is no g in font nullfont!
Missing character: There is no l in font nullfont!
Missing character: There is no e in font nullfont!
Missing character: There is no , in font nullfont!
Missing character: There is no b in font nullfont!
Missing character: There is no r in font nullfont!
Missing character: There is no e in font nullfont!
Missing character: There is no a in font nullfont!
Missing character: There is no k in font nullfont!
Missing character: There is no l in font nullfont!
Missing character: There is no i in font nullfont!
Missing character: There is no n in font nullfont!
Missing character: There is no e in font nullfont!
Missing character: There is no s in font nullfont!
Missing character: There is no = in font nullfont!
Missing character: There is no f in font nullfont!
Missing character: There is no a in font nullfont!
Missing character: There is no l in font nullfont!
Missing character: There is no s in font nullfont!
Missing character: There is no e in font nullfont!
Missing character: There is no , in font nullfont!
Missing character: There is no b in font nullfont!
Missing character: There is no a in font nullfont!
Missing character: There is no s in font nullfont!
Missing character: There is no i in font nullfont!
Missing character: There is no c in font nullfont!
Missing character: There is no s in font nullfont!
Missing character: There is no t in font nullfont!
Missing character: There is no y in font nullfont!
Missing character: There is no l in font nullfont!
Missing character: There is no e in font nullfont!
Missing character: There is no = in font nullfont!
! Undefined control sequence.
l.13 ...,breaklines=false,basicstyle=\footnotesize
                                                   ,numberstyle=\footnotesiz...
The control sequence at the end of the top line
of your error message was never \def'ed. If you have
misspelled it (e.g., `\hobx'), type `I' and the correct
spelling (e.g., `I\hbox'). Otherwise just continue,
and I'll forget about whatever was undefined.

Missing character: There is no , in font nullfont!
Missing character: There is no n in font nullfont!
Missing character: There is no u in font nullfont!
Missing character: There is no m in font nullfont!
Missing character: There is no b in font nullfont!
Missing character: There is no e in font nullfont!
Missing character: There is no r in font nullfont!
Missing character: There is no s in font nullfont!
Missing character: There is no t in font nullfont!
Missing character: There is no y in font nullfont!
Missing character: There is no l in font nullfont!
Missing character: There is no e in font nullfont!
Missing character: There is no = in font nullfont!
! Undefined control sequence.
l.13 ...e=\footnotesize ,numberstyle=\footnotesize
                                                   ,backgroundcolor=\color{w...
The control sequence at the end of the top line
of your error message was never \def'ed. If you have
misspelled it (e.g., `\hobx'), type `I' and the correct
spelling (e.g., `I\hbox'). Otherwise just continue,
and I'll forget about whatever was undefined.

Missing character: There is no , in font nullfont!
Missing character: There is no b in font nullfont!
Missing character: There is no a in font nullfont!
Missing character: There is no c in font nullfont!
Missing character: There is no k in font nullfont!
Missing character: There is no g in font nullfont!
Missing character: There is no r in font nullfont!
Missing character: There is no o in font nullfont!
Missing character: There is no u in font nullfont!
Missing character: There is no n in font nullfont!
Missing character: There is no d in font nullfont!
Missing character: There is no c in font nullfont!
Missing character: There is no o in font nullfont!
Missing character: There is no l in font nullfont!
Missing character: There is no o in font nullfont!
Missing character: There is no r in font nullfont!
Missing character: There is no = in font nullfont!
! Undefined control sequence.
l.13 ...tyle=\footnotesize ,backgroundcolor=\color
                                                  {white}, showspaces=false,...
The control sequence at the end of the top line
of your error message was never \def'ed. If you have
misspelled it (e.g., `\hobx'), type `I' and the correct
spelling (e.g., `I\hbox'). Otherwise just continue,
and I'll forget about whatever was undefined.

Missing character: There is no w in font nullfont!
Missing character: There is no h in font nullfont!
Missing character: There is no i in font nullfont!
Missing character: There is no t in font nullfont!
Missing character: There is no e in font nullfont!
Missing character: There is no , in font nullfont!
Missing character: There is no s in font nullfont!
Missing character: There is no h in font nullfont!
Missing character: There is no o in font nullfont!
Missing character: There is no w in font nullfont!
Missing character: There is no s in font nullfont!
Missing character: There is no p in font nullfont!
Missing character: There is no a in font nullfont!
Missing character: There is no c in font nullfont!
Missing character: There is no e in font nullfont!
Missing character: There is no s in font nullfont!
Missing character: There is no = in font nullfont!
Missing character: There is no f in font nullfont!
Missing character: There is no a in font nullfont!
Missing character: There is no l in font nullfont!
Missing character: There is no s in font nullfont!
Missing character: There is no e in font nullfont!
Missing character: There is no , in font nullfont!
Missing character: There is no s in font nullfont!
Missing character: There is no h in font nullfont!
Missing character: There is no o in font nullfont!
Missing character: There is no w in font nullfont!
Missing character: There is no s in font nullfont!
Missing character: There is no t in font nullfont!
Missing character: There is no r in font nullfont!
Missing character: There is no i in font nullfont!
Missing character: There is no n in font nullfont!
Missing character: There is no g in font nullfont!
Missing character: There is no s in font nullfont!
Missing character: There is no p in font nullfont!
Missing character: There is no a in font nullfont!
Missing character: There is no c in font nullfont!
Missing character: There is no e in font nullfont!
Missing character: There is no s in font nullfont!
Missing character: There is no = in font nullfont!
Missing character: There is no f in font nullfont!
Missing character: There is no a in font nullfont!
Missing character: There is no l in font nullfont!
Missing character: There is no s in font nullfont!
Missing character: There is no e in font nullfont!
Missing character: There is no , in font nullfont!
Missing character: There is no s in font nullfont!
Missing character: There is no h in font nullfont!
Missing character: There is no o in font nullfont!
Missing character: There is no w in font nullfont!
Missing character: There is no t in font nullfont!
Missing character: There is no a in font nullfont!
Missing character: There is no b in font nullfont!
Missing character: There is no s in font nullfont!
Missing character: There is no = in font nullfont!
Missing character: There is no f in font nullfont!
Missing character: There is no a in font nullfont!
Missing character: There is no l in font nullfont!
Missing character: There is no s in font nullfont!
Missing character: There is no e in font nullfont!
Missing character: There is no , in font nullfont!
Missing character: There is no b in font nullfont!
Missing character: There is no r in font nullfont!
Missing character: There is no e in font nullfont!
Missing character: There is no a in font nullfont!
Missing character: There is no k in font nullfont!
Missing character: There is no a in font nullfont!
Missing character: There is no t in font nullfont!
Missing character: There is no w in font nullfont!
Missing character: There is no h in font nullfont!
Missing character: There is no i in font nullfont!
Missing character: There is no t in font nullfont!
Missing character: There is no e in font nullfont!
Missing character: There is no s in font nullfont!
Missing character: There is no p in font nullfont!
Missing character: There is no a in font nullfont!
Missing character: There is no c in font nullfont!
Missing character: There is no e in font nullfont!
Missing character: There is no = in font nullfont!
Missing character: There is no f in font nullfont!
Missing character: There is no a in font nullfont!
Missing character: There is no l in font nullfont!
Missing character: There is no s in font nullfont!
Missing character: There is no e in font nullfont!

Overfull \hbox (20.0pt too wide) in paragraph at lines 13--14
[]
 []

! Undefined control sequence.
l.15 \lstset
            {language=Java, caption=Calculating Passage Score, label=Descrip...
The control sequence at the end of the top line
of your error message was never \def'ed. If you have
misspelled it (e.g., `\hobx'), type `I' and the correct
spelling (e.g., `I\hbox'). Otherwise just continue,
and I'll forget about whatever was undefined.


! LaTeX Error: Missing \begin{document}.

See the LaTeX manual or LaTeX Companion for explanation.
Type  H <return>  for immediate help.
 ...                                              
                                                  
l.15 \lstset{l
              anguage=Java, caption=Calculating Passage Score, label=Descrip...

You're in trouble here.  Try typing  <return>  to proceed.
If that doesn't work, type  X <return>  to quit.

Missing character: There is no l in font nullfont!
Missing character: There is no a in font nullfont!
Missing character: There is no n in font nullfont!
Missing character: There is no g in font nullfont!
Missing character: There is no u in font nullfont!
Missing character: There is no a in font nullfont!
Missing character: There is no g in font nullfont!
Missing character: There is no e in font nullfont!
Missing character: There is no = in font nullfont!
Missing character: There is no J in font nullfont!
Missing character: There is no a in font nullfont!
Missing character: There is no v in font nullfont!
Missing character: There is no a in font nullfont!
Missing character: There is no , in font nullfont!
Missing character: There is no c in font nullfont!
Missing character: There is no a in font nullfont!
Missing character: There is no p in font nullfont!
Missing character: There is no t in font nullfont!
Missing character: There is no i in font nullfont!
Missing character: There is no o in font nullfont!
Missing character: There is no n in font nullfont!
Missing character: There is no = in font nullfont!
Missing character: There is no C in font nullfont!
Missing character: There is no a in font nullfont!
Missing character: There is no l in font nullfont!
Missing character: There is no c in font nullfont!
Missing character: There is no u in font nullfont!
Missing character: There is no l in font nullfont!
Missing character: There is no a in font nullfont!
Missing character: There is no t in font nullfont!
Missing character: There is no i in font nullfont!
Missing character: There is no n in font nullfont!
Missing character: There is no g in font nullfont!
Missing character: There is no P in font nullfont!
Missing character: There is no a in font nullfont!
Missing character: There is no s in font nullfont!
Missing character: There is no s in font nullfont!
Missing character: There is no a in font nullfont!
Missing character: There is no g in font nullfont!
Missing character: There is no e in font nullfont!
Missing character: There is no S in font nullfont!
Missing character: There is no c in font nullfont!
Missing character: There is no o in font nullfont!
Missing character: There is no r in font nullfont!
Missing character: There is no e in font nullfont!
Missing character: There is no , in font nullfont!
Missing character: There is no l in font nullfont!
Missing character: There is no a in font nullfont!
Missing character: There is no b in font nullfont!
Missing character: There is no e in font nullfont!
Missing character: There is no l in font nullfont!
Missing character: There is no = in font nullfont!
Missing character: There is no D in font nullfont!
Missing character: There is no e in font nullfont!
Missing character: There is no s in font nullfont!
Missing character: There is no c in font nullfont!
Missing character: There is no r in font nullfont!
Missing character: There is no i in font nullfont!
Missing character: There is no p in font nullfont!
Missing character: There is no t in font nullfont!
Missing character: There is no i in font nullfont!
Missing character: There is no v in font nullfont!
Missing character: There is no e in font nullfont!
Missing character: There is no L in font nullfont!
Missing character: There is no a in font nullfont!
Missing character: There is no b in font nullfont!
Missing character: There is no e in font nullfont!
Missing character: There is no l in font nullfont!

Overfull \hbox (20.0pt too wide) in paragraph at lines 15--18
[]
 []

! Undefined control sequence.
l.19 \lstinputlisting
                     {PassageRetrieval.java}
The control sequence at the end of the top line
of your error message was never \def'ed. If you have
misspelled it (e.g., `\hobx'), type `I' and the correct
spelling (e.g., `I\hbox'). Otherwise just continue,
and I'll forget about whatever was undefined.


! LaTeX Error: Missing \begin{document}.

See the LaTeX manual or LaTeX Companion for explanation.
Type  H <return>  for immediate help.
 ...                                              
                                                  
l.19 \lstinputlisting{P
                       assageRetrieval.java}
You're in trouble here.  Try typing  <return>  to proceed.
If that doesn't work, type  X <return>  to quit.

Missing character: There is no P in font nullfont!
Missing character: There is no a in font nullfont!
Missing character: There is no s in font nullfont!
Missing character: There is no s in font nullfont!
Missing character: There is no a in font nullfont!
Missing character: There is no g in font nullfont!
Missing character: There is no e in font nullfont!
Missing character: There is no R in font nullfont!
Missing character: There is no e in font nullfont!
Missing character: There is no t in font nullfont!
Missing character: There is no r in font nullfont!
Missing character: There is no i in font nullfont!
Missing character: There is no e in font nullfont!
Missing character: There is no v in font nullfont!
Missing character: There is no a in font nullfont!
Missing character: There is no l in font nullfont!
Missing character: There is no . in font nullfont!
Missing character: There is no j in font nullfont!
Missing character: There is no a in font nullfont!
Missing character: There is no v in font nullfont!
Missing character: There is no a in font nullfont!

Overfull \hbox (20.0pt too wide) in paragraph at lines 19--20
[] 
 []

! Undefined control sequence.
l.26 \section
             {Source code of the procedure Determining True Statement}
The control sequence at the end of the top line
of your error message was never \def'ed. If you have
misspelled it (e.g., `\hobx'), type `I' and the correct
spelling (e.g., `I\hbox'). Otherwise just continue,
and I'll forget about whatever was undefined.


! LaTeX Error: Missing \begin{document}.

See the LaTeX manual or LaTeX Companion for explanation.
Type  H <return>  for immediate help.
 ...                                              
                                                  
l.26 \section{S
               ource code of the procedure Determining True Statement}
You're in trouble here.  Try typing  <return>  to proceed.
If that doesn't work, type  X <return>  to quit.

Missing character: There is no S in font nullfont!
Missing character: There is no o in font nullfont!
Missing character: There is no u in font nullfont!
Missing character: There is no r in font nullfont!
Missing character: There is no c in font nullfont!
Missing character: There is no e in font nullfont!
Missing character: There is no c in font nullfont!
Missing character: There is no o in font nullfont!
Missing character: There is no d in font nullfont!
Missing character: There is no e in font nullfont!
Missing character: There is no o in font nullfont!
Missing character: There is no f in font nullfont!
Missing character: There is no t in font nullfont!
Missing character: There is no h in font nullfont!
Missing character: There is no e in font nullfont!
Missing character: There is no p in font nullfont!
Missing character: There is no r in font nullfont!
Missing character: There is no o in font nullfont!
Missing character: There is no c in font nullfont!
Missing character: There is no e in font nullfont!
Missing character: There is no d in font nullfont!
Missing character: There is no u in font nullfont!
Missing character: There is no r in font nullfont!
Missing character: There is no e in font nullfont!
Missing character: There is no D in font nullfont!
Missing character: There is no e in font nullfont!
Missing character: There is no t in font nullfont!
Missing character: There is no e in font nullfont!
Missing character: There is no r in font nullfont!
Missing character: There is no m in font nullfont!
Missing character: There is no i in font nullfont!
Missing character: There is no n in font nullfont!
Missing character: There is no i in font nullfont!
Missing character: There is no n in font nullfont!
Missing character: There is no g in font nullfont!
Missing character: There is no T in font nullfont!
Missing character: There is no r in font nullfont!
Missing character: There is no u in font nullfont!
Missing character: There is no e in font nullfont!
Missing character: There is no S in font nullfont!
Missing character: There is no t in font nullfont!
Missing character: There is no a in font nullfont!
Missing character: There is no t in font nullfont!
Missing character: There is no e in font nullfont!
Missing character: There is no m in font nullfont!
Missing character: There is no e in font nullfont!
Missing character: There is no n in font nullfont!
Missing character: There is no t in font nullfont!

Overfull \hbox (20.0pt too wide) in paragraph at lines 26--31
[]
 []

! Undefined control sequence.
l.33 \section
             {List of stopwords}
The control sequence at the end of the top line
of your error message was never \def'ed. If you have
misspelled it (e.g., `\hobx'), type `I' and the correct
spelling (e.g., `I\hbox'). Otherwise just continue,
and I'll forget about whatever was undefined.


! LaTeX Error: Missing \begin{document}.

See the LaTeX manual or LaTeX Companion for explanation.
Type  H <return>  for immediate help.
 ...                                              
                                                  
l.33 \section{L
               ist of stopwords}
You're in trouble here.  Try typing  <return>  to proceed.
If that doesn't work, type  X <return>  to quit.

Missing character: There is no L in font nullfont!
Missing character: There is no i in font nullfont!
Missing character: There is no s in font nullfont!
Missing character: There is no t in font nullfont!
Missing character: There is no o in font nullfont!
Missing character: There is no f in font nullfont!
Missing character: There is no s in font nullfont!
Missing character: There is no t in font nullfont!
Missing character: There is no o in font nullfont!
Missing character: There is no p in font nullfont!
Missing character: There is no w in font nullfont!
Missing character: There is no o in font nullfont!
Missing character: There is no r in font nullfont!
Missing character: There is no d in font nullfont!
Missing character: There is no s in font nullfont!
! Undefined control sequence.
l.34 \small
           
The control sequence at the end of the top line
of your error message was never \def'ed. If you have
misspelled it (e.g., `\hobx'), type `I' and the correct
spelling (e.g., `I\hbox'). Otherwise just continue,
and I'll forget about whatever was undefined.


Overfull \hbox (20.0pt too wide) in paragraph at lines 33--35
[]
 []


Overfull \hbox (5.24995pt too wide) in paragraph at lines 121--121
[]\OT1/cmtt/m/n/10 i[] 
 []


Overfull \hbox (5.24995pt too wide) in paragraph at lines 121--121
[]\OT1/cmtt/m/n/10 a[] 
 []


Overfull \hbox (26.24977pt too wide) in paragraph at lines 121--121
[]\OT1/cmtt/m/n/10 about[] 
 []


Overfull \hbox (26.24977pt too wide) in paragraph at lines 121--121
[]\OT1/cmtt/m/n/10 above[] 
 []


Overfull \hbox (10.49991pt too wide) in paragraph at lines 121--121
[]\OT1/cmtt/m/n/10 an[] 
 []


Overfull \hbox (15.74986pt too wide) in paragraph at lines 121--121
[]\OT1/cmtt/m/n/10 are[] 
 []


Overfull \hbox (10.49991pt too wide) in paragraph at lines 121--121
[]\OT1/cmtt/m/n/10 as[] 
 []


Overfull \hbox (10.49991pt too wide) in paragraph at lines 121--121
[]\OT1/cmtt/m/n/10 at[] 
 []


Overfull \hbox (10.49991pt too wide) in paragraph at lines 121--121
[]\OT1/cmtt/m/n/10 am[] 
 []


Overfull \hbox (15.74986pt too wide) in paragraph at lines 121--121
[]\OT1/cmtt/m/n/10 and[] 
 []


Overfull \hbox (10.49991pt too wide) in paragraph at lines 121--121
[]\OT1/cmtt/m/n/10 be[] 
 []


Overfull \hbox (20.99982pt too wide) in paragraph at lines 121--121
[]\OT1/cmtt/m/n/10 been[] 
 []


Overfull \hbox (26.24977pt too wide) in paragraph at lines 121--121
[]\OT1/cmtt/m/n/10 being[] 
 []


Overfull \hbox (15.74986pt too wide) in paragraph at lines 121--121
[]\OT1/cmtt/m/n/10 but[] 
 []


Overfull \hbox (10.49991pt too wide) in paragraph at lines 121--121
[]\OT1/cmtt/m/n/10 by[] 
 []


Overfull \hbox (10.49991pt too wide) in paragraph at lines 121--121
[]\OT1/cmtt/m/n/10 do[] 
 []


Overfull \hbox (20.99982pt too wide) in paragraph at lines 121--121
[]\OT1/cmtt/m/n/10 does[] 
 []


Overfull \hbox (20.99982pt too wide) in paragraph at lines 121--121
[]\OT1/cmtt/m/n/10 done[] 
 []


Overfull \hbox (15.74986pt too wide) in paragraph at lines 121--121
[]\OT1/cmtt/m/n/10 did[] 
 []


Overfull \hbox (15.74986pt too wide) in paragraph at lines 121--121
[]\OT1/cmtt/m/n/10 for[] 
 []


Overfull \hbox (10.49991pt too wide) in paragraph at lines 121--121
[]\OT1/cmtt/m/n/10 he[] 
 []


Overfull \hbox (15.74986pt too wide) in paragraph at lines 121--121
[]\OT1/cmtt/m/n/10 her[] 
 []


Overfull \hbox (20.99982pt too wide) in paragraph at lines 121--121
[]\OT1/cmtt/m/n/10 hers[] 
 []


Overfull \hbox (36.74968pt too wide) in paragraph at lines 121--121
[]\OT1/cmtt/m/n/10 herself[] 
 []


Overfull \hbox (15.74986pt too wide) in paragraph at lines 121--121
[]\OT1/cmtt/m/n/10 his[] 
 []


Overfull \hbox (15.74986pt too wide) in paragraph at lines 121--121
[]\OT1/cmtt/m/n/10 him[] 
 []


Overfull \hbox (36.74968pt too wide) in paragraph at lines 121--121
[]\OT1/cmtt/m/n/10 himself[] 
 []


Overfull \hbox (15.74986pt too wide) in paragraph at lines 121--121
[]\OT1/cmtt/m/n/10 how[] 
 []


Overfull \hbox (10.49991pt too wide) in paragraph at lines 121--121
[]\OT1/cmtt/m/n/10 in[] 
 []


Overfull \hbox (10.49991pt too wide) in paragraph at lines 121--121
[]\OT1/cmtt/m/n/10 is[] 
 []


Overfull \hbox (10.49991pt too wide) in paragraph at lines 121--121
[]\OT1/cmtt/m/n/10 it[] 
 []


Overfull \hbox (15.74986pt too wide) in paragraph at lines 121--121
[]\OT1/cmtt/m/n/10 its[] 
 []


Overfull \hbox (31.49973pt too wide) in paragraph at lines 121--121
[]\OT1/cmtt/m/n/10 itself[] 
 []


Overfull \hbox (10.49991pt too wide) in paragraph at lines 121--121
[]\OT1/cmtt/m/n/10 me[] 
 []


Overfull \hbox (10.49991pt too wide) in paragraph at lines 121--121
[]\OT1/cmtt/m/n/10 my[] 
 []


Overfull \hbox (20.99982pt too wide) in paragraph at lines 121--121
[]\OT1/cmtt/m/n/10 mine[] 
 []


Overfull \hbox (31.49973pt too wide) in paragraph at lines 121--121
[]\OT1/cmtt/m/n/10 myself[] 
 []


Overfull \hbox (15.74986pt too wide) in paragraph at lines 121--121
[]\OT1/cmtt/m/n/10 nor[] 
 []


Overfull \hbox (10.49991pt too wide) in paragraph at lines 121--121
[]\OT1/cmtt/m/n/10 of[] 
 []


Overfull \hbox (10.49991pt too wide) in paragraph at lines 121--121
[]\OT1/cmtt/m/n/10 on[] 
 []


Overfull \hbox (10.49991pt too wide) in paragraph at lines 121--121
[]\OT1/cmtt/m/n/10 or[] 
 []


Overfull \hbox (15.74986pt too wide) in paragraph at lines 121--121
[]\OT1/cmtt/m/n/10 our[] 
 []


Overfull \hbox (20.99982pt too wide) in paragraph at lines 121--121
[]\OT1/cmtt/m/n/10 ours[] 
 []


Overfull \hbox (36.74968pt too wide) in paragraph at lines 121--121
[]\OT1/cmtt/m/n/10 ourself[] 
 []


Overfull \hbox (47.24959pt too wide) in paragraph at lines 121--121
[]\OT1/cmtt/m/n/10 ourselves[] 
 []


Overfull \hbox (10.49991pt too wide) in paragraph at lines 121--121
[]\OT1/cmtt/m/n/10 so[] 
 []


Overfull \hbox (15.74986pt too wide) in paragraph at lines 121--121
[]\OT1/cmtt/m/n/10 she[] 
 []


Overfull \hbox (20.99982pt too wide) in paragraph at lines 121--121
[]\OT1/cmtt/m/n/10 that[] 
 []


Overfull \hbox (15.74986pt too wide) in paragraph at lines 121--121
[]\OT1/cmtt/m/n/10 the[] 
 []


Overfull \hbox (20.99982pt too wide) in paragraph at lines 121--121
[]\OT1/cmtt/m/n/10 they[] 
 []


Overfull \hbox (20.99982pt too wide) in paragraph at lines 121--121
[]\OT1/cmtt/m/n/10 them[] 
 []


Overfull \hbox (26.24977pt too wide) in paragraph at lines 121--121
[]\OT1/cmtt/m/n/10 their[] 
 []


Overfull \hbox (31.49973pt too wide) in paragraph at lines 121--121
[]\OT1/cmtt/m/n/10 theirs[] 
 []


Overfull \hbox (26.24977pt too wide) in paragraph at lines 121--121
[]\OT1/cmtt/m/n/10 these[] 
 []


Overfull \hbox (41.99963pt too wide) in paragraph at lines 121--121
[]\OT1/cmtt/m/n/10 themself[] 
 []


Overfull \hbox (52.49954pt too wide) in paragraph at lines 121--121
[]\OT1/cmtt/m/n/10 themselves[] 
 []


Overfull \hbox (20.99982pt too wide) in paragraph at lines 121--121
[]\OT1/cmtt/m/n/10 this[] 
 []


Overfull \hbox (26.24977pt too wide) in paragraph at lines 121--121
[]\OT1/cmtt/m/n/10 those[] 
 []


Overfull \hbox (10.49991pt too wide) in paragraph at lines 121--121
[]\OT1/cmtt/m/n/10 to[] 
 []


Overfull \hbox (10.49991pt too wide) in paragraph at lines 121--121
[]\OT1/cmtt/m/n/10 uh[] 
 []


Overfull \hbox (10.49991pt too wide) in paragraph at lines 121--121
[]\OT1/cmtt/m/n/10 um[] 
 []


Overfull \hbox (10.49991pt too wide) in paragraph at lines 121--121
[]\OT1/cmtt/m/n/10 up[] 
 []


Overfull \hbox (10.49991pt too wide) in paragraph at lines 121--121
[]\OT1/cmtt/m/n/10 us[] 
 []


Overfull \hbox (31.49973pt too wide) in paragraph at lines 121--121
[]\OT1/cmtt/m/n/10 really[] 
 []


Overfull \hbox (20.99982pt too wide) in paragraph at lines 121--121
[]\OT1/cmtt/m/n/10 very[] 
 []


Overfull \hbox (15.74986pt too wide) in paragraph at lines 121--121
[]\OT1/cmtt/m/n/10 was[] 
 []


Overfull \hbox (20.99982pt too wide) in paragraph at lines 121--121
[]\OT1/cmtt/m/n/10 were[] 
 []


Overfull \hbox (10.49991pt too wide) in paragraph at lines 121--121
[]\OT1/cmtt/m/n/10 we[] 
 []


Overfull \hbox (20.99982pt too wide) in paragraph at lines 121--121
[]\OT1/cmtt/m/n/10 well[] 
 []


Overfull \hbox (20.99982pt too wide) in paragraph at lines 121--121
[]\OT1/cmtt/m/n/10 will[] 
 []


Overfull \hbox (20.99982pt too wide) in paragraph at lines 121--121
[]\OT1/cmtt/m/n/10 with[] 
 []


Overfull \hbox (20.99982pt too wide) in paragraph at lines 121--121
[]\OT1/cmtt/m/n/10 what[] 
 []


Overfull \hbox (20.99982pt too wide) in paragraph at lines 121--121
[]\OT1/cmtt/m/n/10 when[] 
 []


Overfull \hbox (26.24977pt too wide) in paragraph at lines 121--121
[]\OT1/cmtt/m/n/10 where[] 
 []


Overfull \hbox (26.24977pt too wide) in paragraph at lines 121--121
[]\OT1/cmtt/m/n/10 which[] 
 []


Overfull \hbox (15.74986pt too wide) in paragraph at lines 121--121
[]\OT1/cmtt/m/n/10 who[] 
 []


Overfull \hbox (20.99982pt too wide) in paragraph at lines 121--121
[]\OT1/cmtt/m/n/10 whom[] 
 []


Overfull \hbox (26.24977pt too wide) in paragraph at lines 121--121
[]\OT1/cmtt/m/n/10 whose[] 
 []


Overfull \hbox (15.74986pt too wide) in paragraph at lines 121--121
[]\OT1/cmtt/m/n/10 why[] 
 []


Overfull \hbox (15.74986pt too wide) in paragraph at lines 121--121
[]\OT1/cmtt/m/n/10 yet[] 
 []


Overfull \hbox (15.74986pt too wide) in paragraph at lines 121--121
[]\OT1/cmtt/m/n/10 you[] 
 []


Overfull \hbox (20.99982pt too wide) in paragraph at lines 121--121
[]\OT1/cmtt/m/n/10 your[] 
 []


Overfull \hbox (26.24977pt too wide) in paragraph at lines 121--121
[]\OT1/cmtt/m/n/10 yours[] 
 []


Overfull \hbox (41.99963pt too wide) in paragraph at lines 121--121
[]\OT1/cmtt/m/n/10 yourself[] 
 []


Overfull \hbox (52.49954pt too wide) in paragraph at lines 121--121
[]\OT1/cmtt/m/n/10 yourselves[] 
 []


! LaTeX Error: The font size command \normalsize is not defined:
               there is probably something wrong with the class file.

See the LaTeX manual or LaTeX Companion for explanation.
Type  H <return>  for immediate help.
 ...                                              
                                                  
l.122 \normalsize
                 
Your command was ignored.
Type  I <command> <return>  to replace it with another command,
or  <return>  to continue without it.

)
! Emergency stop.
<*> Appendix.tex
                
*** (job aborted, no legal \end found)

 
Here is how much of TeX's memory you used:
 10 strings out of 95304
 124 string characters out of 1183071
 50021 words of memory out of 1500000
 3309 multiletter control sequences out of 110000
 3808 words of font info for 15 fonts, out of 3000000 for 5000
 14 hyphenation exceptions out of 8191
 18i,3n,14p,249b,156s stack positions out of 5000i,500n,10000p,200000b,50000s
!  ==> Fatal error occurred, no output PDF file produced!
