This is pdfTeX, Version 3.1415926-1.40.9 (MiKTeX 2.7) (preloaded format=pdflatex 2009.2.7)  19 FEB 2009 16:35
entering extended mode
**Paper.tex
(Paper.tex
LaTeX2e <2005/12/01>
Babel <v3.8l> and hyphenation patterns for english, dumylang, nohyphenation, ge
rman, ngerman, german-x-2008-06-18, ngerman-x-2008-06-18, french, loaded.
("C:\Program Files\MiKTeX 2.7\tex\latex\base\article.cls"
Document Class: article 2005/09/16 v1.4f Standard LaTeX document class
("C:\Program Files\MiKTeX 2.7\tex\latex\base\size10.clo"
File: size10.clo 2005/09/16 v1.4f Standard LaTeX file (size option)
)
\c@part=\count79
\c@section=\count80
\c@subsection=\count81
\c@subsubsection=\count82
\c@paragraph=\count83
\c@subparagraph=\count84
\c@figure=\count85
\c@table=\count86
\abovecaptionskip=\skip41
\belowcaptionskip=\skip42
\bibindent=\dimen102
)
("C:\Program Files\MiKTeX 2.7\tex\latex\base\inputenc.sty"
Package: inputenc 2006/05/05 v1.1b Input encoding file
\inpenc@prehook=\toks14
\inpenc@posthook=\toks15

("C:\Program Files\MiKTeX 2.7\tex\latex\unicode\utf8x.def"
File: utf8x.def 2004/10/17 UCS: Input encoding UTF-8
))
("C:\Program Files\MiKTeX 2.7\tex\latex\unicode\ucs.sty"
Package: ucs 2004/10/17 UCS: Unicode input support

("C:\Program Files\MiKTeX 2.7\tex\latex\unicode\data\uni-global.def"
File: uni-global.def 2004/10/17 UCS: Unicode global data
)
\uc@secondtry=\count87
\uc@combtoks=\toks16
\uc@combtoksb=\toks17
\uc@temptokena=\toks18
)
("C:\Program Files\MiKTeX 2.7\tex\latex\amsmath\amsmath.sty"
Package: amsmath 2000/07/18 v2.13 AMS math features
\@mathmargin=\skip43

For additional information on amsmath, use the `?' option.
("C:\Program Files\MiKTeX 2.7\tex\latex\amsmath\amstext.sty"
Package: amstext 2000/06/29 v2.01

("C:\Program Files\MiKTeX 2.7\tex\latex\amsmath\amsgen.sty"
File: amsgen.sty 1999/11/30 v2.0
\@emptytoks=\toks19
\ex@=\dimen103
))
("C:\Program Files\MiKTeX 2.7\tex\latex\amsmath\amsbsy.sty"
Package: amsbsy 1999/11/29 v1.2d
\pmbraise@=\dimen104
)
("C:\Program Files\MiKTeX 2.7\tex\latex\amsmath\amsopn.sty"
Package: amsopn 1999/12/14 v2.01 operator names
)
\inf@bad=\count88
LaTeX Info: Redefining \frac on input line 211.
\uproot@=\count89
\leftroot@=\count90
LaTeX Info: Redefining \overline on input line 307.
\classnum@=\count91
\DOTSCASE@=\count92
LaTeX Info: Redefining \ldots on input line 379.
LaTeX Info: Redefining \dots on input line 382.
LaTeX Info: Redefining \cdots on input line 467.
\Mathstrutbox@=\box26
\strutbox@=\box27
\big@size=\dimen105
LaTeX Font Info:    Redeclaring font encoding OML on input line 567.
LaTeX Font Info:    Redeclaring font encoding OMS on input line 568.
\macc@depth=\count93
\c@MaxMatrixCols=\count94
\dotsspace@=\muskip10
\c@parentequation=\count95
\dspbrk@lvl=\count96
\tag@help=\toks20
\row@=\count97
\column@=\count98
\maxfields@=\count99
\andhelp@=\toks21
\eqnshift@=\dimen106
\alignsep@=\dimen107
\tagshift@=\dimen108
\tagwidth@=\dimen109
\totwidth@=\dimen110
\lineht@=\dimen111
\@envbody=\toks22
\multlinegap=\skip44
\multlinetaggap=\skip45
\mathdisplay@stack=\toks23
LaTeX Info: Redefining \[ on input line 2666.
LaTeX Info: Redefining \] on input line 2667.
)
("C:\Program Files\MiKTeX 2.7\tex\latex\amsfonts\amsfonts.sty"
Package: amsfonts 2001/10/25 v2.2f
\symAMSa=\mathgroup4
\symAMSb=\mathgroup5
LaTeX Font Info:    Overwriting math alphabet `\mathfrak' in version `bold'
(Font)                  U/euf/m/n --> U/euf/b/n on input line 132.
)
("C:\Program Files\MiKTeX 2.7\tex\latex\amsfonts\amssymb.sty"
Package: amssymb 2002/01/22 v2.2d
)
("C:\Program Files\MiKTeX 2.7\tex\latex\graphics\graphicx.sty"
Package: graphicx 1999/02/16 v1.0f Enhanced LaTeX Graphics (DPC,SPQR)

("C:\Program Files\MiKTeX 2.7\tex\latex\graphics\keyval.sty"
Package: keyval 1999/03/16 v1.13 key=value parser (DPC)
\KV@toks@=\toks24
)
("C:\Program Files\MiKTeX 2.7\tex\latex\graphics\graphics.sty"
Package: graphics 2006/02/20 v1.0o Standard LaTeX Graphics (DPC,SPQR)

("C:\Program Files\MiKTeX 2.7\tex\latex\graphics\trig.sty"
Package: trig 1999/03/16 v1.09 sin cos tan (DPC)
)
("C:\Program Files\MiKTeX 2.7\tex\latex\00miktex\graphics.cfg"
File: graphics.cfg 2007/01/18 v1.5 graphics configuration of teTeX/TeXLive
)
Package graphics Info: Driver file: pdftex.def on input line 90.

("C:\Program Files\MiKTeX 2.7\tex\latex\pdftex-def\pdftex.def"
File: pdftex.def 2008/09/08 v0.04l Graphics/color for pdfTeX
\Gread@gobject=\count100
))
\Gin@req@height=\dimen112
\Gin@req@width=\dimen113
)
("C:\Program Files\MiKTeX 2.7\tex\latex\ltxmisc\threeparttable.sty"
Package: threeparttable 2003/06/13  v 3.0
\@tempboxb=\box28
)
("C:\Program Files\MiKTeX 2.7\tex\latex\colortbl\colortbl.sty"
Package: colortbl 2001/02/13 v0.1j Color table columns (DPC)

("C:\Program Files\MiKTeX 2.7\tex\latex\tools\array.sty"
Package: array 2005/08/23 v2.4b Tabular extension package (FMi)
\col@sep=\dimen114
\extrarowheight=\dimen115
\NC@list=\toks25
\extratabsurround=\skip46
\backup@length=\skip47
)
("C:\Program Files\MiKTeX 2.7\tex\latex\graphics\color.sty"
Package: color 2005/11/14 v1.0j Standard LaTeX Color (DPC)

("C:\Program Files\MiKTeX 2.7\tex\latex\00miktex\color.cfg"
File: color.cfg 2007/01/18 v1.5 color configuration of teTeX/TeXLive
)
Package color Info: Driver file: pdftex.def on input line 130.
)
\everycr=\toks26
\minrowclearance=\skip48
)
("C:\Program Files\MiKTeX 2.7\tex\latex\slashbox\slashbox.sty"
slashbox style by K.Yasuoka, May 1993.
\@slashboxa=\box29
\@slashboxb=\box30
\@slashboxc=\box31
\@slashboxwd=\count101
\@slashboxht=\count102
\@slashsepl=\dimen116
\@slashsepr=\dimen117
) ("C:\Program Files\MiKTeX 2.7\tex\latex\tools\verbatim.sty"
Package: verbatim 2003/08/22 v1.5q LaTeX2e package for verbatim enhancements
\every@verbatim=\toks27
\verbatim@line=\toks28
\verbatim@in@stream=\read1
)
("C:\Program Files\MiKTeX 2.7\tex\latex\algorithms\algorithmic.sty"
Package: algorithmic 2006/06/02

Document Style `algorithmic' - environment
("C:\Program Files\MiKTeX 2.7\tex\latex\base\ifthen.sty"
Package: ifthen 2001/05/26 v1.1c Standard LaTeX ifthen package (DPC)
)
("C:\Program Files\MiKTeX 2.7\tex\latex\tools\calc.sty"
Package: calc 2005/08/06 v4.2 Infix arithmetic (KKT,FJ)
\calc@Acount=\count103
\calc@Bcount=\count104
\calc@Adimen=\dimen118
\calc@Bdimen=\dimen119
\calc@Askip=\skip49
\calc@Bskip=\skip50
LaTeX Info: Redefining \setlength on input line 75.
LaTeX Info: Redefining \addtolength on input line 76.
\calc@Ccount=\count105
\calc@Cskip=\skip51
)
\c@ALC@line=\count106
\c@ALC@rem=\count107
\c@ALC@depth=\count108
\ALC@tlm=\skip52
\algorithmicindent=\skip53
)
("C:\Program Files\MiKTeX 2.7\tex\latex\algorithms\algorithm.sty"
Package: algorithm 

Document Style `algorithm' - floating environment
("C:\Program Files\MiKTeX 2.7\tex\latex\float\float.sty"
Package: float 2001/11/08 v1.3d Float enhancements (AL)
\c@float@type=\count109
\float@exts=\toks29
\float@box=\box32
\@float@everytoks=\toks30
\@floatcapt=\box33
)
\@float@every@algorithm=\toks31
\c@algorithm=\count110
) (Paper.aux)
LaTeX Font Info:    Checking defaults for OML/cmm/m/it on input line 20.
LaTeX Font Info:    ... okay on input line 20.
LaTeX Font Info:    Checking defaults for T1/cmr/m/n on input line 20.
LaTeX Font Info:    ... okay on input line 20.
LaTeX Font Info:    Checking defaults for OT1/cmr/m/n on input line 20.
LaTeX Font Info:    ... okay on input line 20.
LaTeX Font Info:    Checking defaults for OMS/cmsy/m/n on input line 20.
LaTeX Font Info:    ... okay on input line 20.
LaTeX Font Info:    Checking defaults for OMX/cmex/m/n on input line 20.
LaTeX Font Info:    ... okay on input line 20.
LaTeX Font Info:    Checking defaults for U/cmr/m/n on input line 20.
LaTeX Font Info:    ... okay on input line 20.

("C:\Program Files\MiKTeX 2.7\tex\latex\unicode\ucsencs.def"
File: ucsencs.def 2003/11/29 Fixes to fontencodings LGR, T3
)
("C:\Program Files\MiKTeX 2.7\tex\context\base\supp-pdf.tex"
[Loading MPS to PDF converter (version 2006.09.02).]
\scratchcounter=\count111
\scratchdimen=\dimen120
\scratchbox=\box34
\nofMPsegments=\count112
\nofMParguments=\count113
\everyMPshowfont=\toks32
\MPscratchCnt=\count114
\MPscratchDim=\dimen121
\MPnumerator=\count115
\everyMPtoPDFconversion=\toks33
) <Stages_of_system.jpg, id=1, 776.30025pt x 1070.19826pt>
File: Stages_of_system.jpg Graphic file (type jpg)

<use Stages_of_system.jpg> [1

{C:/ProgramData/MiKTeX/2.7/pdftex/config/pdftex.map} <Stages_of_system.jpg>]
LaTeX Font Info:    Try loading font information for U+msa on input line 54.

("C:\Program Files\MiKTeX 2.7\tex\latex\amsfonts\umsa.fd"
File: umsa.fd 2002/01/19 v2.2g AMS font definitions
)
LaTeX Font Info:    Try loading font information for U+msb on input line 54.

("C:\Program Files\MiKTeX 2.7\tex\latex\amsfonts\umsb.fd"
File: umsb.fd 2002/01/19 v2.2g AMS font definitions
) [2]
Overfull \hbox (10.86237pt too wide) in paragraph at lines 128--150
 [] 
 []

[3] [4] [5] [6]
LaTeX Font Info:    Try loading font information for OMS+cmr on input line 203.

 ("C:\Program Files\MiKTeX 2.7\tex\latex\base\omscmr.fd"
File: omscmr.fd 1999/05/25 v2.5h Standard LaTeX font definitions
)
LaTeX Font Info:    Font shape `OMS/cmr/m/n' in size <9> not available
(Font)              Font shape `OMS/cmsy/m/n' tried instead on input line 203.

Underfull \hbox (badness 5050) in paragraph at lines 215--216
[] []$\OML/cmm/m/it/9 Passage:WordList \OMS/cmsy/m/n/9   \OML/cmm/m/it/9 Transc
rip\OT1/cmr/m/n/9 [\OML/cmm/m/it/9 Postion \OMS/cmsy/m/n/9  \OML/cmm/m/it/9 Po
sition \OT1/cmr/m/n/9 + \OML/cmm/m/it/9 WindowSize\OT1/cmr/m/n/9 ]$
 []


Underfull \hbox (badness 10000) in paragraph at lines 215--216
\OMS/cmsy/m/n/9 f\OT1/cmr/m/n/9 List of pas-sage word records is ex-tracted fro
m the tran-
 []


Underfull \hbox (badness 10000) in paragraph at lines 217--218
[] []$\OML/cmm/m/it/9 Passage:MatchedList \OMS/cmsy/m/n/9   \OML/cmm/m/it/9 get
MatchedList\OT1/cmr/m/n/9 (\OML/cmm/m/it/9 Passage; Question; Ngrams\OT1/cmr/m/
n/9 )$
 []


Overfull \hbox (7.05038pt too wide) in paragraph at lines 225--226
[] []$\OML/cmm/m/it/9 BestPassage:score \OMS/cmsy/m/n/9   \OML/cmm/m/it/9 getPa
ssageScore\OT1/cmr/m/n/9 (\OML/cmm/m/it/9 BestPassage; Question; Ngrams\OT1/cmr
/m/n/9 )$
 []


Overfull \hbox (7.05038pt too wide) in paragraph at lines 226--227
[] []$\OML/cmm/m/it/9 BestPassage:score \OMS/cmsy/m/n/9   \OML/cmm/m/it/9 getPa
ssageScore\OT1/cmr/m/n/9 (\OML/cmm/m/it/9 BestPassage; Question; Ngrams\OT1/cmr
/m/n/9 )$
 []


Underfull \hbox (badness 2932) in paragraph at lines 329--329
[] []\OT1/cmr/bx/n/9 if $\OML/cmm/m/it/9 Question\OT1/cmr/m/n/9 [\OML/cmm/m/it/
9 i\OT1/cmr/m/n/9 ] \OMS/cmsy/m/n/9  \OML/cmm/m/it/9 Passage:WordList\OT1/cmr/
m/n/9 [\OML/cmm/m/it/9 j\OT1/cmr/m/n/9 ]\OML/cmm/m/it/9 :Sysnonyms \OMS/cmsy/m/
n/9 ^ \OML/cmm/m/it/9 AvailQues\OT1/cmr/m/n/9 [\OML/cmm/m/it/9 i\OT1/cmr/m/n/9 
] \OMS/cmsy/m/n/9 ^
 []


LaTeX Warning: Float too large for page by 115.18326pt on input line 338.

[7] [8] [9] [10] [11] [12]
LaTeX Font Info:    Font shape `OMS/cmr/m/n' in size <10> not available
(Font)              Font shape `OMS/cmsy/m/n' tried instead on input line 500.

Overfull \hbox (2.05612pt too wide) in paragraph at lines 524--525
[]\OT1/cmr/m/n/10 The ba-sic al-go-rithm pre-sented by Light [[]] that counts t
he num-ber of matched
 []

[13]
Overfull \hbox (4.35039pt too wide) in paragraph at lines 529--541
 [][] 
 []


Overfull \hbox (4.35039pt too wide) in paragraph at lines 546--557
 [][] 
 []

[14] [15] [16] [17] [18]
<IS1008c_summaries.jpg, id=77, 664.28175pt x 199.34476pt>
File: IS1008c_summaries.jpg Graphic file (type jpg)

<use IS1008c_summaries.jpg>
<IB4010_summaries.jpg, id=78, 666.0885pt x 194.52675pt>
File: IB4010_summaries.jpg Graphic file (type jpg)

<use IB4010_summaries.jpg> [19 <IS1008c_summaries.jpg> <IB4010_summaries.jpg>]
[20] [21] [22] [23] [24] (Paper.bbl [25]) [26] (Paper.aux) ) 
Here is how much of TeX's memory you used:
 2695 strings out of 95304
 33324 string characters out of 1183071
 126230 words of memory out of 1500000
 5849 multiletter control sequences out of 110000
 11399 words of font info for 44 fonts, out of 3000000 for 5000
 14 hyphenation exceptions out of 8191
 34i,15n,22p,1756b,702s stack positions out of 5000i,500n,10000p,200000b,50000s
<C:/Program Files/M
iKTeX 2.7/fonts/type1/bluesky/cm/cmbx10.pfb><C:/Program Files/MiKTeX 2.7/fonts/
type1/bluesky/cm/cmbx12.pfb><C:/Program Files/MiKTeX 2.7/fonts/type1/bluesky/cm
/cmbx7.pfb><C:/Program Files/MiKTeX 2.7/fonts/type1/bluesky/cm/cmbx9.pfb><C:/Pr
ogram Files/MiKTeX 2.7/fonts/type1/bluesky/cm/cmex10.pfb><C:/Program Files/MiKT
eX 2.7/fonts/type1/bluesky/cm/cmmi10.pfb><C:/Program Files/MiKTeX 2.7/fonts/typ
e1/bluesky/cm/cmmi5.pfb><C:/Program Files/MiKTeX 2.7/fonts/type1/bluesky/cm/cmm
i7.pfb><C:/Program Files/MiKTeX 2.7/fonts/type1/bluesky/cm/cmmi9.pfb><C:/Progra
m Files/MiKTeX 2.7/fonts/type1/bluesky/cm/cmr10.pfb><C:/Program Files/MiKTeX 2.
7/fonts/type1/bluesky/cm/cmr5.pfb><C:/Program Files/MiKTeX 2.7/fonts/type1/blue
sky/cm/cmr7.pfb><C:/Program Files/MiKTeX 2.7/fonts/type1/bluesky/cm/cmr8.pfb><C
:/Program Files/MiKTeX 2.7/fonts/type1/bluesky/cm/cmr9.pfb><C:/Program Files/Mi
KTeX 2.7/fonts/type1/bluesky/cm/cmsy10.pfb><C:/Program Files/MiKTeX 2.7/fonts/t
ype1/bluesky/cm/cmsy5.pfb><C:/Program Files/MiKTeX 2.7/fonts/type1/bluesky/cm/c
msy9.pfb><C:/Program Files/MiKTeX 2.7/fonts/type1/bluesky/cm/cmti10.pfb><C:/Pro
gram Files/MiKTeX 2.7/fonts/type1/bluesky/cm/cmtt8.pfb><C:/Program Files/MiKTeX
 2.7/fonts/type1/bluesky/latex-fonts/line10.pfb><C:/Program Files/MiKTeX 2.7/fo
nts/type1/bluesky/ams/msam10.pfb><C:/Program Files/MiKTeX 2.7/fonts/type1/blues
ky/ams/msbm10.pfb>
Output written on Paper.pdf (26 pages, 537473 bytes).
PDF statistics:
 177 PDF objects out of 1000 (max. 8388607)
 0 named destinations out of 1000 (max. 131072)
 16 words of extra memory for PDF output out of 10000 (max. 10000000)

