This is pdfTeX, Version 3.1415926-1.40.9 (MiKTeX 2.7) (preloaded format=pdflatex 2009.1.20)  29 JAN 2009 23:25
entering extended mode
**Report.tex
(Report.tex
LaTeX2e <2005/12/01>
Babel <v3.8l> and hyphenation patterns for english, dumylang, nohyphenation, ge
rman, ngerman, german-x-2008-06-18, ngerman-x-2008-06-18, french, loaded.
("C:\Program Files\MiKTeX 2.7\tex\latex\base\report.cls"
Document Class: report 2005/09/16 v1.4f Standard LaTeX document class
("C:\Program Files\MiKTeX 2.7\tex\latex\base\size12.clo"
File: size12.clo 2005/09/16 v1.4f Standard LaTeX file (size option)
)
\c@part=\count79
\c@chapter=\count80
\c@section=\count81
\c@subsection=\count82
\c@subsubsection=\count83
\c@paragraph=\count84
\c@subparagraph=\count85
\c@figure=\count86
\c@table=\count87
\abovecaptionskip=\skip41
\belowcaptionskip=\skip42
\bibindent=\dimen102
)
("C:\Program Files\MiKTeX 2.7\tex\latex\base\inputenc.sty"
Package: inputenc 2006/05/05 v1.1b Input encoding file
\inpenc@prehook=\toks14
\inpenc@posthook=\toks15

("C:\Program Files\MiKTeX 2.7\tex\latex\unicode\utf8x.def"
File: utf8x.def 2004/10/17 UCS: Input encoding UTF-8
))
("C:\Program Files\MiKTeX 2.7\tex\latex\unicode\ucs.sty"
Package: ucs 2004/10/17 UCS: Unicode input support

("C:\Program Files\MiKTeX 2.7\tex\latex\unicode\data\uni-global.def"
File: uni-global.def 2004/10/17 UCS: Unicode global data
)
\uc@secondtry=\count88
\uc@combtoks=\toks16
\uc@combtoksb=\toks17
\uc@temptokena=\toks18
)
("C:\Program Files\MiKTeX 2.7\tex\latex\amsmath\amsmath.sty"
Package: amsmath 2000/07/18 v2.13 AMS math features
\@mathmargin=\skip43

For additional information on amsmath, use the `?' option.
("C:\Program Files\MiKTeX 2.7\tex\latex\amsmath\amstext.sty"
Package: amstext 2000/06/29 v2.01

("C:\Program Files\MiKTeX 2.7\tex\latex\amsmath\amsgen.sty"
File: amsgen.sty 1999/11/30 v2.0
\@emptytoks=\toks19
\ex@=\dimen103
))
("C:\Program Files\MiKTeX 2.7\tex\latex\amsmath\amsbsy.sty"
Package: amsbsy 1999/11/29 v1.2d
\pmbraise@=\dimen104
)
("C:\Program Files\MiKTeX 2.7\tex\latex\amsmath\amsopn.sty"
Package: amsopn 1999/12/14 v2.01 operator names
)
\inf@bad=\count89
LaTeX Info: Redefining \frac on input line 211.
\uproot@=\count90
\leftroot@=\count91
LaTeX Info: Redefining \overline on input line 307.
\classnum@=\count92
\DOTSCASE@=\count93
LaTeX Info: Redefining \ldots on input line 379.
LaTeX Info: Redefining \dots on input line 382.
LaTeX Info: Redefining \cdots on input line 467.
\Mathstrutbox@=\box26
\strutbox@=\box27
\big@size=\dimen105
LaTeX Font Info:    Redeclaring font encoding OML on input line 567.
LaTeX Font Info:    Redeclaring font encoding OMS on input line 568.
\macc@depth=\count94
\c@MaxMatrixCols=\count95
\dotsspace@=\muskip10
\c@parentequation=\count96
\dspbrk@lvl=\count97
\tag@help=\toks20
\row@=\count98
\column@=\count99
\maxfields@=\count100
\andhelp@=\toks21
\eqnshift@=\dimen106
\alignsep@=\dimen107
\tagshift@=\dimen108
\tagwidth@=\dimen109
\totwidth@=\dimen110
\lineht@=\dimen111
\@envbody=\toks22
\multlinegap=\skip44
\multlinetaggap=\skip45
\mathdisplay@stack=\toks23
LaTeX Info: Redefining \[ on input line 2666.
LaTeX Info: Redefining \] on input line 2667.
)
("C:\Program Files\MiKTeX 2.7\tex\latex\amsfonts\amsfonts.sty"
Package: amsfonts 2001/10/25 v2.2f
\symAMSa=\mathgroup4
\symAMSb=\mathgroup5
LaTeX Font Info:    Overwriting math alphabet `\mathfrak' in version `bold'
(Font)                  U/euf/m/n --> U/euf/b/n on input line 132.
)
("C:\Program Files\MiKTeX 2.7\tex\latex\amsfonts\amssymb.sty"
Package: amssymb 2002/01/22 v2.2d
)
("C:\Program Files\MiKTeX 2.7\tex\latex\graphics\graphicx.sty"
Package: graphicx 1999/02/16 v1.0f Enhanced LaTeX Graphics (DPC,SPQR)

("C:\Program Files\MiKTeX 2.7\tex\latex\graphics\keyval.sty"
Package: keyval 1999/03/16 v1.13 key=value parser (DPC)
\KV@toks@=\toks24
)
("C:\Program Files\MiKTeX 2.7\tex\latex\graphics\graphics.sty"
Package: graphics 2006/02/20 v1.0o Standard LaTeX Graphics (DPC,SPQR)

("C:\Program Files\MiKTeX 2.7\tex\latex\graphics\trig.sty"
Package: trig 1999/03/16 v1.09 sin cos tan (DPC)
)
("C:\Program Files\MiKTeX 2.7\tex\latex\00miktex\graphics.cfg"
File: graphics.cfg 2007/01/18 v1.5 graphics configuration of teTeX/TeXLive
)
Package graphics Info: Driver file: pdftex.def on input line 90.

("C:\Program Files\MiKTeX 2.7\tex\latex\pdftex-def\pdftex.def"
File: pdftex.def 2008/09/08 v0.04l Graphics/color for pdfTeX
\Gread@gobject=\count101
))
\Gin@req@height=\dimen112
\Gin@req@width=\dimen113
)
("C:\Program Files\MiKTeX 2.7\tex\latex\psfrag\psfrag.sty"
Package: psfrag 1998/04/11 v3.04 PSfrag (MCG)
\pfg@pcount=\count102
\pfg@scount=\count103
\pfg@temp=\write3
)
("C:\Program Files\MiKTeX 2.7\tex\latex\graphics\epsfig.sty"
Package: epsfig 1999/02/16 v1.7a (e)psfig emulation (SPQR)
\epsfxsize=\dimen114
\epsfysize=\dimen115
)
("C:\Program Files\MiKTeX 2.7\tex\latex\caption\caption.sty"
Package: caption 2008/08/24 v3.1j Customizing captions (AR)

("C:\Program Files\MiKTeX 2.7\tex\latex\caption\caption3.sty"
Package: caption3 2008/08/24 v3.1j caption3 kernel (AR)
\captionmargin=\dimen116
\captionmargin@=\dimen117
\captionwidth=\dimen118
\caption@indent=\dimen119
\caption@parindent=\dimen120
\caption@hangindent=\dimen121
)
\c@ContinuedFloat=\count104
)
("C:\Program Files\MiKTeX 2.7\tex\latex\ltxmisc\threeparttable.sty"
Package: threeparttable 2003/06/13  v 3.0
\@tempboxb=\box28
)
("C:\Program Files\MiKTeX 2.7\tex\latex\colortbl\colortbl.sty"
Package: colortbl 2001/02/13 v0.1j Color table columns (DPC)

("C:\Program Files\MiKTeX 2.7\tex\latex\tools\array.sty"
Package: array 2005/08/23 v2.4b Tabular extension package (FMi)
\col@sep=\dimen122
\extrarowheight=\dimen123
\NC@list=\toks25
\extratabsurround=\skip46
\backup@length=\skip47
)
("C:\Program Files\MiKTeX 2.7\tex\latex\graphics\color.sty"
Package: color 2005/11/14 v1.0j Standard LaTeX Color (DPC)

("C:\Program Files\MiKTeX 2.7\tex\latex\00miktex\color.cfg"
File: color.cfg 2007/01/18 v1.5 color configuration of teTeX/TeXLive
)
Package color Info: Driver file: pdftex.def on input line 130.
)
\everycr=\toks26
\minrowclearance=\skip48
)
("C:\Program Files\MiKTeX 2.7\tex\latex\slashbox\slashbox.sty"
slashbox style by K.Yasuoka, May 1993.
\@slashboxa=\box29
\@slashboxb=\box30
\@slashboxc=\box31
\@slashboxwd=\count105
\@slashboxht=\count106
\@slashsepl=\dimen124
\@slashsepr=\dimen125
) ("C:\Program Files\MiKTeX 2.7\tex\latex\algorithms\algorithmic.sty"
Package: algorithmic 2006/06/02

Document Style `algorithmic' - environment
("C:\Program Files\MiKTeX 2.7\tex\latex\base\ifthen.sty"
Package: ifthen 2001/05/26 v1.1c Standard LaTeX ifthen package (DPC)
)
("C:\Program Files\MiKTeX 2.7\tex\latex\tools\calc.sty"
Package: calc 2005/08/06 v4.2 Infix arithmetic (KKT,FJ)
\calc@Acount=\count107
\calc@Bcount=\count108
\calc@Adimen=\dimen126
\calc@Bdimen=\dimen127
\calc@Askip=\skip49
\calc@Bskip=\skip50
LaTeX Info: Redefining \setlength on input line 75.
LaTeX Info: Redefining \addtolength on input line 76.
\calc@Ccount=\count109
\calc@Cskip=\skip51
)
\c@ALC@line=\count110
\c@ALC@rem=\count111
\c@ALC@depth=\count112
\ALC@tlm=\skip52
\algorithmicindent=\skip53
)
("C:\Program Files\MiKTeX 2.7\tex\latex\algorithms\algorithm.sty"
Package: algorithm 

Document Style `algorithm' - floating environment
("C:\Program Files\MiKTeX 2.7\tex\latex\float\float.sty"
Package: float 2001/11/08 v1.3d Float enhancements (AL)
\c@float@type=\count113
\float@exts=\toks27
\float@box=\box32
\@float@everytoks=\toks28
\@floatcapt=\box33
)
\@float@every@algorithm=\toks29
\c@algorithm=\count114
)
("C:\Program Files\MiKTeX 2.7\tex\latex\listings\listings.sty"
\lst@mode=\count115
\lst@gtempboxa=\box34
\lst@token=\toks30
\lst@length=\count116
\lst@currlwidth=\dimen128
\lst@column=\count117
\lst@pos=\count118
\lst@lostspace=\dimen129
\lst@width=\dimen130
\lst@newlines=\count119
\lst@lineno=\count120
\lst@maxwidth=\dimen131

("C:\Program Files\MiKTeX 2.7\tex\latex\listings\lstmisc.sty"
File: lstmisc.sty 2007/02/22 1.4 (Carsten Heinz)
\c@lstnumber=\count121
\lst@skipnumbers=\count122
\lst@framebox=\box35
)
("C:\Program Files\MiKTeX 2.7\tex\latex\listings\listings.cfg"
File: listings.cfg 2007/02/22 1.4 listings configuration
))
Package: listings 2007/02/22 1.4 (Carsten Heinz)

No file Report.aux.
LaTeX Font Info:    Checking defaults for OML/cmm/m/it on input line 40.
LaTeX Font Info:    ... okay on input line 40.
LaTeX Font Info:    Checking defaults for T1/cmr/m/n on input line 40.
LaTeX Font Info:    ... okay on input line 40.
LaTeX Font Info:    Checking defaults for OT1/cmr/m/n on input line 40.
LaTeX Font Info:    ... okay on input line 40.
LaTeX Font Info:    Checking defaults for OMS/cmsy/m/n on input line 40.
LaTeX Font Info:    ... okay on input line 40.
LaTeX Font Info:    Checking defaults for OMX/cmex/m/n on input line 40.
LaTeX Font Info:    ... okay on input line 40.
LaTeX Font Info:    Checking defaults for U/cmr/m/n on input line 40.
LaTeX Font Info:    ... okay on input line 40.
("C:\Program Files\MiKTeX 2.7\tex\latex\unicode\ucsencs.def"
File: ucsencs.def 2003/11/29 Fixes to fontencodings LGR, T3
)
("C:\Program Files\MiKTeX 2.7\tex\context\base\supp-pdf.tex"
[Loading MPS to PDF converter (version 2006.09.02).]
\scratchcounter=\count123
\scratchdimen=\dimen132
\scratchbox=\box36
\nofMPsegments=\count124
\nofMParguments=\count125
\everyMPshowfont=\toks31
\MPscratchCnt=\count126
\MPscratchDim=\dimen133
\MPnumerator=\count127
\everyMPtoPDFconversion=\toks32
)
Package caption Info: Begin \AtBeginDocument code.
Package caption Info: float package is loaded.
Package caption Info: listings package is loaded.
Package caption Info: threeparttable package is loaded.
Package caption Info: End \AtBeginDocument code.
\c@lstlisting=\count128
 <logo-fundp.jpg, id=1, 341.275pt x 198.7425pt>
File: logo-fundp.jpg Graphic file (type jpg)
 <use logo-fundp.jpg>
LaTeX Font Info:    Try loading font information for U+msa on input line 49.

("C:\Program Files\MiKTeX 2.7\tex\latex\amsfonts\umsa.fd"
File: umsa.fd 2002/01/19 v2.2g AMS font definitions
)
LaTeX Font Info:    Try loading font information for U+msb on input line 49.

("C:\Program Files\MiKTeX 2.7\tex\latex\amsfonts\umsb.fd"
File: umsb.fd 2002/01/19 v2.2g AMS font definitions
)
<Idiap-logo-E.png, id=2, 332.9238pt x 89.133pt>
File: Idiap-logo-E.png Graphic file (type png)
 <use Idiap-logo-E.png> [1
Non-PDF special ignored!

{C:/ProgramData/MiKTeX/2.7/pdftex/config/pdftex.map} <logo-fundp.jpg> <Idiap-lo
go-E.png>] [2] [3]
No file Report.toc.
\tf@toc=\write4
[4

]
No file Report.lof.
\tf@lof=\write5
[5

]
No file Report.lot.
\tf@lot=\write6
[6

]
Chapter 1.
[7

] [8]
Chapter 2.

LaTeX Warning: Citation `kaszkiel2001era' on page 9 undefined on input line 136
.


LaTeX Warning: Citation `light2002aec' on page 9 undefined on input line 140.


LaTeX Warning: Citation `wiki_ranking_function' on page 9 undefined on input li
ne 140.


LaTeX Warning: Citation `cui2005qap' on page 9 undefined on input line 142.


LaTeX Warning: Citation `minipar' on page 9 undefined on input line 142.


LaTeX Warning: Citation `buscaldi2007ngv' on page 9 undefined on input line 143
.

[9

] [10]
Chapter 3.
[11

]

LaTeX Warning: Citation `BET' on page 12 undefined on input line 205.

[12] [13]
Chapter 4.

LaTeX Warning: Citation `hirschman1999drr' on page 14 undefined on input line 2
40.


Underfull \hbox (badness 10000) in paragraph at lines 240--241

 []

[14

]

LaTeX Warning: Citation `porter2001ss' on page 15 undefined on input line 242.


LaTeX Warning: Citation `pasca2001irw' on page 15 undefined on input line 242.


LaTeX Warning: Citation `qtag' on page 15 undefined on input line 262.

<schema1.jpg, id=57, 1061.9675pt x 796.9775pt>
File: schema1.jpg Graphic file (type jpg)
 <use schema1.jpg> [15] [16 <schema1.jpg>] [17] [18] [19]
LaTeX Font Info:    Try loading font information for OMS+cmr on input line 411.

 ("C:\Program Files\MiKTeX 2.7\tex\latex\base\omscmr.fd"
File: omscmr.fd 1999/05/25 v2.5h Standard LaTeX font definitions
)
LaTeX Font Info:    Font shape `OMS/cmr/m/n' in size <12> not available
(Font)              Font shape `OMS/cmsy/m/n' tried instead on input line 411.
 <schema2.jpg, id=76, 1061.9675pt x 796.9775pt>
File: schema2.jpg Graphic file (type jpg)
 <use schema2.jpg>
Overfull \hbox (61.48502pt too wide) in paragraph at lines 434--435
 [][] 
 []

[20] [21] [22 <schema2.jpg>]
Chapter 5.
[23

]

LaTeX Warning: Citation `kohavi1995scv' on page 24 undefined on input line 459.



Overfull \hbox (15.33138pt too wide) in paragraph at lines 465--478
 [][] 
 []


Overfull \hbox (9.45644pt too wide) in paragraph at lines 483--496
 [][] 
 []


LaTeX Warning: Citation `kohavi1995scv' on page 24 undefined on input line 514.


[24] [25] <Parameters_Optimisation_IB4010.jpg, id=100, 415.5525pt x 363.759pt>
File: Parameters_Optimisation_IB4010.jpg Graphic file (type jpg)

<use Parameters_Optimisation_IB4010.jpg>
<Parameters_Optimisation_IS1008c.jpg, id=101, 417.35925pt x 367.3725pt>
File: Parameters_Optimisation_IS1008c.jpg Graphic file (type jpg)

<use Parameters_Optimisation_IS1008c.jpg> [26 <Parameters_Optimisation_IB4010.j
pg> <Parameters_Optimisation_IS1008c.jpg>] [27]
<BET_results_compararison_IB4010_passage.jpg, id=108, 541.42274pt x 334.851pt>
File: BET_results_compararison_IB4010_passage.jpg Graphic file (type jpg)

<use BET_results_compararison_IB4010_passage.jpg>
<BET_results_compararison_IB4010_truefalse.jpg, id=109, 541.42274pt x 334.851pt
>
File: BET_results_compararison_IB4010_truefalse.jpg Graphic file (type jpg)
 <use BET_results_compararison_IB4010_truefalse.jpg> [28 <BET_results_comparari
son_IB4010_passage.jpg> <BET_results_compararison_IB4010_truefalse.jpg>]
[29]
<BET_results_compararison_IS1008c_passage.jpg, id=116, 417.35925pt x 367.3725pt
>
File: BET_results_compararison_IS1008c_passage.jpg Graphic file (type jpg)
 <use BET_results_compararison_IS1008c_passage.jpg>
<BET_results_compararison_IS1008c_truefalse.jpg, id=117, 417.35925pt x 367.3725
pt>
File: BET_results_compararison_IS1008c_truefalse.jpg Graphic file (type jpg)
 <use BET_results_compararison_IS1008c_truefalse.jpg>

LaTeX Warning: `h' float specifier changed to `ht'.

[30] [31 <BET_results_compararison_IS1008c_passage.jpg> <BET_results_compararis
on_IS1008c_truefalse.jpg>] [32] [33]
Chapter 6.
[34

]
No file Report.bbl.
[35

] (Report.aux)

LaTeX Warning: There were undefined references.


LaTeX Warning: Label(s) may have changed. Rerun to get cross-references right.

 ) 
Here is how much of TeX's memory you used:
 5013 strings out of 95304
 69475 string characters out of 1183070
 163361 words of memory out of 1500000
 8143 multiletter control sequences out of 110000
 14312 words of font info for 55 fonts, out of 3000000 for 5000
 14 hyphenation exceptions out of 8191
 36i,15n,38p,2124b,722s stack positions out of 5000i,500n,10000p,200000b,50000s
<C:/Program Files/MiKTeX 2.7/fonts/type1/bluesky/cm/cmbx10.pfb><C:/Program Fi
les/MiKTeX 2.7/fonts/type1/bluesky/cm/cmbx12.pfb><C:/Program Files/MiKTeX 2.7/f
onts/type1/bluesky/cm/cmcsc10.pfb><C:/Program Files/MiKTeX 2.7/fonts/type1/blue
sky/cm/cmmi12.pfb><C:/Program Files/MiKTeX 2.7/fonts/type1/bluesky/cm/cmr10.pfb
><C:/Program Files/MiKTeX 2.7/fonts/type1/bluesky/cm/cmr12.pfb><C:/Program File
s/MiKTeX 2.7/fonts/type1/bluesky/cm/cmr17.pfb><C:/Program Files/MiKTeX 2.7/font
s/type1/bluesky/cm/cmr8.pfb><C:/Program Files/MiKTeX 2.7/fonts/type1/bluesky/cm
/cmsy10.pfb><C:/Program Files/MiKTeX 2.7/fonts/type1/bluesky/cm/cmti12.pfb><C:/
Program Files/MiKTeX 2.7/fonts/type1/bluesky/cm/cmtt10.pfb><C:/Program Files/Mi
KTeX 2.7/fonts/type1/bluesky/cm/cmtt12.pfb><C:/Program Files/MiKTeX 2.7/fonts/t
ype1/bluesky/latex-fonts/line10.pfb>
Output written on Report.pdf (35 pages, 697882 bytes).
PDF statistics:
 178 PDF objects out of 1000 (max. 8388607)
 0 named destinations out of 1000 (max. 131072)
 51 words of extra memory for PDF output out of 10000 (max. 10000000)

