This is TeX, Version 3.1415926 (MiKTeX 2.7) (preloaded format=tex 2009.2.7)  7 FEB 2009 15:33
**ifpdf.dtx
(ifpdf.dtx ("C:\Program Files\MiKTeX 2.7\tex\latex\base\docstrip.tex"
\blockLevel=\count26
\emptyLines=\count27
\processedLines=\count28
\commentsRemoved=\count29
\commentsPassed=\count30
\codeLinesPassed=\count31
\TotalprocessedLines=\count32
\TotalcommentsRemoved=\count33
\TotalcommentsPassed=\count34
\TotalcodeLinesPassed=\count35
\NumberOfFiles=\count36
\inFile=\read0
\inputcheck=\read1
\@tempcnta=\count37
\off@0=\count38
\off@1=\count39
\off@2=\count40
\off@3=\count41
\off@4=\count42
\off@5=\count43
\off@6=\count44
\off@7=\count45
\off@8=\count46
\off@9=\count47
\off@10=\count48
\off@11=\count49
\off@12=\count50
\off@13=\count51
\off@14=\count52
\off@15=\count53
\@temptokena=\toks12
\@maxfiles=\count54
\@maxoutfiles=\count55

Utility: `docstrip' 2.5d <2005/07/29>
English documentation    <1999/03/31>

**********************************************************
* This program converts documented macro-files into fast *
* loadable files by stripping off (nearly) all comments! *
**********************************************************

********************************************************
* No Configuration file found, using default settings. *
********************************************************

)
************************************************************************
* Installation
* Package: ifpdf 2007/12/12 v1.6 Provides the ifpdf switch (HO)
************************************************************************

Generating file(s) ifpdf.ins ifpdf.drv ifpdf.sty ifpdf-test1.tex 

Processing file ifpdf.dtx (install) -> ifpdf.ins
                          (driver) -> ifpdf.drv
                          (package) -> ifpdf.sty
                          (test1) -> ifpdf-test1.tex
File ifpdf.dtx ended by \endinput.
Lines  processed: 826
Comments removed: 518
Comments  passed: 0
Codelines passed: 296

************************************************************************
*
* To finish the installation you have to move the following
* file into a directory searched by TeX:
*
*     ifpdf.sty
*
* And install the following script file:
*
*     
*
* To produce the documentation run the file `ifpdf.drv'
* through LaTeX.
*
* Happy TeXing!
*
************************************************************************
 )
No pages of output.
