This is pdfeTeX, Version 3.141592-1.30.6-2.2 (MiKTeX 2.5) (preloaded format=pdflatex 2008.3.18)  5 AUG 2008 23:58
entering extended mode
**D:/Belgique/Master*2/Systemes*d'exploitation*-*etude*de*cas/2session/QuocAnhL
E_M466_Session2.tex

("D:\Belgique\Master 2\Systemes d'exploitation - etude de cas\2session\QuocAnhL
E_M466_Session2.tex"
LaTeX2e <2005/12/01>
Babel <v3.8g> and hyphenation patterns for english, dumylang, nohyphenation, ge
rman, ngerman, french, loaded.
("C:\Program Files\MiKTeX 2.5\tex\latex\base\report.cls"
Document Class: report 2005/09/16 v1.4f Standard LaTeX document class
("C:\Program Files\MiKTeX 2.5\tex\latex\base\size11.clo"
File: size11.clo 2005/09/16 v1.4f Standard LaTeX file (size option)
)
\c@part=\count79
\c@chapter=\count80
\c@section=\count81
\c@subsection=\count82
\c@subsubsection=\count83
\c@paragraph=\count84
\c@subparagraph=\count85
\c@figure=\count86
\c@table=\count87
\abovecaptionskip=\skip41
\belowcaptionskip=\skip42
\bibindent=\dimen102
)
("C:\Program Files\MiKTeX 2.5\tex\latex\base\inputenc.sty"
Package: inputenc 2006/05/05 v1.1b Input encoding file
\inpenc@prehook=\toks14
\inpenc@posthook=\toks15

("C:\Program Files\MiKTeX 2.5\tex\latex\base\latin1.def"
File: latin1.def 2006/05/05 v1.1b Input encoding file
))
("C:\Program Files\MiKTeX 2.5\tex\generic\babel\babel.sty"
Package: babel 2005/05/21 v3.8g The Babel package

*************************************
* Local config file bblopts.cfg used
*
("C:\Program Files\MiKTeX 2.5\tex\latex\00miktex\bblopts.cfg"
File: bblopts.cfg 2006/07/31 v1.0 MiKTeX 'babel' configuration
)
("C:\Program Files\MiKTeX 2.5\tex\generic\babel\frenchb.ldf"
Language: french 2005/02/06 v1.6g French support from the babel system

("C:\Program Files\MiKTeX 2.5\tex\generic\babel\babel.def"
File: babel.def 2005/05/21 v3.8g Babel common definitions
\babel@savecnt=\count88
\U@D=\dimen103
)
Package babel Info: Making : an active character on input line 219.
Package babel Info: Making ; an active character on input line 220.
Package babel Info: Making ! an active character on input line 221.
Package babel Info: Making ? an active character on input line 222.
LaTeX Font Info:    Redeclaring font encoding T1 on input line 299.
\parindentFFN=\dimen104
\std@mcc=\count89
\dec@mcc=\count90

*************************************
* Local config file frenchb.cfg used
*
("C:\Program Files\MiKTeX 2.5\tex\generic\babel\frenchb.cfg"))
("C:\Program Files\MiKTeX 2.5\tex\generic\babel\english.ldf"
Language: english 2005/03/30 v3.3o English support from the babel system
\l@british = a dialect from \language\l@english 
\l@UKenglish = a dialect from \language\l@english 
\l@canadian = a dialect from \language\l@american 
\l@australian = a dialect from \language\l@british 
\l@newzealand = a dialect from \language\l@british 
))
("C:\Program Files\MiKTeX 2.5\tex\latex\fancyhdr\fancyhdr.sty"
\fancy@headwidth=\skip43
\f@ncyO@elh=\skip44
\f@ncyO@erh=\skip45
\f@ncyO@olh=\skip46
\f@ncyO@orh=\skip47
\f@ncyO@elf=\skip48
\f@ncyO@erf=\skip49
\f@ncyO@olf=\skip50
\f@ncyO@orf=\skip51
)
("C:\Program Files\MiKTeX 2.5\tex\latex\preprint\fullpage.sty"
Package: fullpage 1999/02/23 1.1 (PWD)
\FP@margin=\skip52
)
("C:\Program Files\MiKTeX 2.5\tex\latex\lastpage\lastpage.sty"
Package: lastpage 1994/06/25 v0.1b LaTeX2e package for refs to last page number
 (JPG)
)
("C:\Program Files\MiKTeX 2.5\tex\latex\graphics\graphicx.sty"
Package: graphicx 1999/02/16 v1.0f Enhanced LaTeX Graphics (DPC,SPQR)

("C:\Program Files\MiKTeX 2.5\tex\latex\graphics\keyval.sty"
Package: keyval 1999/03/16 v1.13 key=value parser (DPC)
\KV@toks@=\toks16
)
("C:\Program Files\MiKTeX 2.5\tex\latex\graphics\graphics.sty"
Package: graphics 2006/02/20 v1.0o Standard LaTeX Graphics (DPC,SPQR)

("C:\Program Files\MiKTeX 2.5\tex\latex\graphics\trig.sty"
Package: trig 1999/03/16 v1.09 sin cos tan (DPC)
)
("C:\Program Files\MiKTeX 2.5\tex\latex\00miktex\graphics.cfg"
File: graphics.cfg 2005/12/29 v1.2 MiKTeX 'graphics' configuration
)
Package graphics Info: Driver file: pdftex.def on input line 90.

("C:\Program Files\MiKTeX 2.5\tex\latex\graphics\pdftex.def"
File: pdftex.def 2007/01/08 v0.04d Graphics/color for pdfTeX
\Gread@gobject=\count91
))
\Gin@req@height=\dimen105
\Gin@req@width=\dimen106
)
("C:\Program Files\MiKTeX 2.5\tex\latex\listings\listings.sty"
\lst@mode=\count92
\lst@gtempboxa=\box26
\lst@token=\toks17
\lst@length=\count93
\lst@currlwidth=\dimen107
\lst@column=\count94
\lst@pos=\count95
\lst@lostspace=\dimen108
\lst@width=\dimen109
\lst@newlines=\count96
\lst@lineno=\count97
\c@lstlisting=\count98
\lst@maxwidth=\dimen110

("C:\Program Files\MiKTeX 2.5\tex\latex\listings\lstpatch.sty"
File: lstpatch.sty 2004/10/17 1.3b (Carsten Heinz)
)
("C:\Program Files\MiKTeX 2.5\tex\latex\listings\lstmisc.sty"
File: lstmisc.sty 2004/09/07 1.3 (Carsten Heinz)
\c@lstnumber=\count99
\lst@skipnumbers=\count100
\lst@framebox=\box27
)
("C:\Program Files\MiKTeX 2.5\tex\latex\listings\listings.cfg"
File: listings.cfg 2004/09/05 1.3 listings configuration
))
Package: listings 2004/10/17 1.3b (Carsten Heinz)

("C:\Program Files\MiKTeX 2.5\tex\latex\slashbox\slashbox.sty"
slashbox style by K.Yasuoka, May 1993.
\@slashboxa=\box28
\@slashboxb=\box29
\@slashboxc=\box30
\@slashboxwd=\count101
\@slashboxht=\count102
\@slashsepl=\dimen111
\@slashsepr=\dimen112
) ("C:\Program Files\MiKTeX 2.5\tex\latex\graphics\color.sty"
Package: color 2005/11/14 v1.0j Standard LaTeX Color (DPC)

("C:\Program Files\MiKTeX 2.5\tex\latex\00miktex\color.cfg"
File: color.cfg 2005/12/29 v1.1 MiKTeX 'color' configuration
)
Package color Info: Driver file: pdftex.def on input line 130.
)
("C:\Program Files\MiKTeX 2.5\tex\latex\wrapfig\wrapfig.sty"
\wrapoverhang=\dimen113
\WF@size=\dimen114
\c@WF@wrappedlines=\count103
\WF@box=\box31
\WF@everypar=\toks18
Package: wrapfig 2003/01/31  v 3.6
)
("C:\Program Files\MiKTeX 2.5\tex\latex\amsfonts\amssymb.sty"
Package: amssymb 2002/01/22 v2.2d

("C:\Program Files\MiKTeX 2.5\tex\latex\amsfonts\amsfonts.sty"
Package: amsfonts 2001/10/25 v2.2f
\@emptytoks=\toks19
\symAMSa=\mathgroup4
\symAMSb=\mathgroup5
LaTeX Font Info:    Overwriting math alphabet `\mathfrak' in version `bold'
(Font)                  U/euf/m/n --> U/euf/b/n on input line 132.
))
("C:\Program Files\MiKTeX 2.5\tex\latex\tools\longtable.sty"
Package: longtable 2004/02/01 v4.11 Multi-page Table package (DPC)
\LTleft=\skip53
\LTright=\skip54
\LTpre=\skip55
\LTpost=\skip56
\LTchunksize=\count104
\LTcapwidth=\dimen115
\LT@head=\box32
\LT@firsthead=\box33
\LT@foot=\box34
\LT@lastfoot=\box35
\LT@cols=\count105
\LT@rows=\count106
\c@LT@tables=\count107
\c@LT@chunks=\count108
\LT@p@ftn=\toks20
)
("C:\Program Files\MiKTeX 2.5\tex\latex\aeguill\aeguill.sty"
Package: aeguill 2003/08/02 1.02 AE fonts with french guillemets (D. Roegel)

("C:\Program Files\MiKTeX 2.5\tex\latex\ae\ae.sty"
Package: ae 2001/02/12 1.3 Almost European Computer Modern

("C:\Program Files\MiKTeX 2.5\tex\latex\base\fontenc.sty"
Package: fontenc 2005/09/27 v1.99g Standard LaTeX package

("C:\Program Files\MiKTeX 2.5\tex\latex\base\t1enc.def"
File: t1enc.def 2005/09/27 v1.99g Standard LaTeX file
LaTeX Font Info:    Redeclaring font encoding T1 on input line 43.
)
LaTeX Font Info:    Try loading font information for T1+aer on input line 100.

("C:\Program Files\MiKTeX 2.5\tex\latex\ae\t1aer.fd"
File: t1aer.fd 1997/11/16 Font definitions for T1/aer.
)))
("C:\Program Files\MiKTeX 2.5\tex\latex\base\fontenc.sty"
Package: fontenc 2005/09/27 v1.99g Standard LaTeX package

("C:\Program Files\MiKTeX 2.5\tex\latex\cyrillic\ot2enc.def"
File: ot2enc.def 2001/08/11 v3.3a Cyrillic encoding definition file
)
("C:\Program Files\MiKTeX 2.5\tex\latex\base\t1enc.def"
File: t1enc.def 2005/09/27 v1.99g Standard LaTeX file
LaTeX Font Info:    Redeclaring font encoding T1 on input line 43.
)))
("C:\Program Files\MiKTeX 2.5\tex\latex\lettrine\lettrine.sty"
File: lettrine.sty 2006/03/17 v1.61 (Daniel Flipo)
\c@DefaultLines=\count109
\DefaultFindent=\dimen116
\DefaultNindent=\dimen117
\DefaultSlope=\dimen118
\L@lbox=\box36
\L@tbox=\box37
\c@L@lines=\count110
\L@Pindent=\dimen119
\L@Findent=\dimen120
\L@Nindent=\dimen121
\L@lraise=\dimen122
\L@first=\dimen123
\L@next=\dimen124
\L@slope=\dimen125
\L@height=\dimen126
\LettrineWidth=\dimen127

Loading lettrine.cfg
("C:\Program Files\MiKTeX 2.5\tex\latex\lettrine\lettrine.cfg"))
("C:\Program Files\MiKTeX 2.5\tex\latex\tools\enumerate.sty"
Package: enumerate 1999/03/05 v3.00 enumerate extensions (DPC)
\@enLab=\toks21
)
("C:\Program Files\MiKTeX 2.5\tex\latex\pstricks\pstricks.sty"
Package: pstricks 2006/08/10 v0.32 LaTeX wrapper for `PSTricks' (RN,HV)

("C:\Program Files\MiKTeX 2.5\tex\generic\pstricks\pstricks.tex"
`PSTricks' v1.15  <2006/12/22> (tvz)
\pst@dima=\dimen128
\pst@dimb=\dimen129
\pst@dimc=\dimen130
\pst@dimd=\dimen131
\pst@dimg=\dimen132
\pst@dimh=\dimen133
\pst@hbox=\box38
\pst@boxg=\box39
\pst@cnta=\count111
\pst@cntb=\count112
\pst@cntc=\count113
\pst@cntd=\count114
\pst@cntg=\count115
\pst@cnth=\count116
\pst@toks=\toks22
("C:\Program Files\MiKTeX 2.5\tex\generic\pstricks\pstricks.con")
\psunit=\dimen134
\psxunit=\dimen135
\psyunit=\dimen136
\pslinewidth=\dimen137
\pst@customdefs=\toks23
\pslinearc=\dimen138
\everypsbox=\toks24
\psframesep=\dimen139
\pslabelsep=\dimen140
\psk@shift=\dimen141
\pst@shift=\dimen142
\theoverlaybox=\box40
)
File: pstricks.tex 2006/12/22 v1.15 `PSTricks' (tvz)

("C:\Program Files\MiKTeX 2.5\tex\latex\xcolor\xcolor.sty"
Package: xcolor 2006/11/28 v2.10 LaTeX color extensions (UK)

("C:\Program Files\MiKTeX 2.5\tex\latex\00miktex\color.cfg"
File: color.cfg 2005/12/29 v1.1 MiKTeX 'color' configuration
)
Package xcolor Info: Package option `override' ignored on input line 216.
Package xcolor Info: Driver file: pdftex.def on input line 225.
LaTeX Info: Redefining \color on input line 702.
Package xcolor Info: Model `cmy' substituted by `cmy0' on input line 1337.
Package xcolor Info: Model `hsb' substituted by `rgb' on input line 1341.
Package xcolor Info: Model `RGB' extended on input line 1353.
Package xcolor Info: Model `HTML' substituted by `rgb' on input line 1355.
Package xcolor Info: Model `Hsb' substituted by `hsb' on input line 1356.
Package xcolor Info: Model `tHsb' substituted by `hsb' on input line 1357.
Package xcolor Info: Model `HSB' substituted by `hsb' on input line 1358.
Package xcolor Info: Model `Gray' substituted by `gray' on input line 1359.
Package xcolor Info: Model `wave' substituted by `hsb' on input line 1360.
))
("C:\Program Files\MiKTeX 2.5\tex\latex\pst-fill\pst-fill.sty"
Package: pst-fill 2005/09/13 package wrapper for pst-fill.tex (hv)

("C:\Program Files\MiKTeX 2.5\tex\generic\pst-fill\pst-fill.tex"
`PST-Fill' v1.00, 2005/09/12 (tvz,dg,hv)
("C:\Program Files\MiKTeX 2.5\tex\generic\xkeyval\pst-xkey.tex"
File: pst-xkey.tex 2005/11/25 v1.6 PSTricks specialization of xkeyval (HA)

("C:\Program Files\MiKTeX 2.5\tex\latex\xkeyval\xkeyval.sty"
Package: xkeyval 2006/11/18 v2.5f package option processing (HA)

("C:\Program Files\MiKTeX 2.5\tex\generic\xkeyval\xkeyval.tex"
\XKV@toks=\toks25
\XKV@depth=\count117
File: xkeyval.tex 2006/11/18 v2.5f key=value parser (HA)
)))
\pst@fillbox=\box41
)
File: pst-fill.tex 2005/09/12 v1.00 `PST-fill' (tvz,dg)
)
("C:\Program Files\MiKTeX 2.5\tex\latex\pstricks\pst-plot.sty"
Package: pst-plot 2004/07/15 package wrapper for pst-plot.tex

("C:\Program Files\MiKTeX 2.5\tex\generic\pstricks\pst-plot.tex"
 v97 patch 2, 1999/12/12
("C:\Program Files\MiKTeX 2.5\tex\generic\multido\multido.tex"
 v1.41, 2004/05/18 <tvz>
\multido@count=\count118
\multidocount=\count119
\multido@stuff=\toks26
))
File: pst-plot.tex 2004/05/18 1.41 `pst-plot' (tvz)
)
("C:\Program Files\MiKTeX 2.5\tex\latex\pstricks\pst-tree.sty"
Package: pst-tree 2004/07/15 package wrapper for pst-tree.tex

("C:\Program Files\MiKTeX 2.5\tex\generic\pstricks\pst-tree.tex"
("C:\Program Files\MiKTeX 2.5\tex\generic\pstricks\pst-node.tex"
 v97 patch 11, 2000/11/09
\psrow=\count120
\pscol=\count121
\psmatrixcnt=\count122
\psrowsep=\skip57
\pscolsep=\skip58
)  v97 patch 6, 2004/07/24
\pstree@rootbox=\box42
\pstree@box=\box43
\psnodecnt=\count123
\pstreelevel=\count124
\pstreecnt=\count125
\pstree@cnt=\count126
\pstree@stop=\count127
)
File: pst-tree.tex 2004/07/24 97 patch 6 `pst-tree' (tvz)
)
("C:\Program Files\MiKTeX 2.5\tex\latex\tools\verbatim.sty"
Package: verbatim 2003/08/22 v1.5q LaTeX2e package for verbatim enhancements
\every@verbatim=\toks27
\verbatim@line=\toks28
\verbatim@in@stream=\read1
)
("C:\Program Files\MiKTeX 2.5\tex\latex\rotating\rotating.sty"
Package: rotating 1997/09/26 v2.13 Rotation package

("C:\Program Files\MiKTeX 2.5\tex\latex\base\ifthen.sty"
Package: ifthen 2001/05/26 v1.1c Standard LaTeX ifthen package (DPC)
)
\c@r@tfl@t=\count128
\rot@float@box=\box44
)
("C:\Program Files\MiKTeX 2.5\tex\latex\ltxmisc\url.sty"
\Urlmuskip=\muskip10
Package: url 2005/06/27  ver 3.2  Verb mode for urls, etc.
)
("C:\Program Files\MiKTeX 2.5\tex\latex\srcltx\srcltx.sty"
Package: srcltx 2006/11/12 v1.6 Source specials for inverse search in DVI files

\src@lastline=\count129
\src@new@everypar=\toks29
\src@new@output=\toks30
)
("C:\Program Files\MiKTeX 2.5\tex\latex\sectsty\sectsty.sty"
Package: sectsty 2002/02/25 v2.0.2 Commands to change all sectional heading sty
les
) (caption.sty
Package: caption 1995/04/05 v1.4b caption package (HS)

Package: caption v1.4b <1995/04/05> (Harald Sommerfeldt)
\captionmargin=\skip59
\as@captionbox=\box45
\as@captionwidth=\skip60
         `rotating' package detected
) ("C:\Program Files\MiKTeX 2.5\tex\latex\fancybox\fancybox.sty"
Package: fancybox 2000/09/19 1.3

Style option: `fancybox' v1.3 <2000/09/19> (tvz)
\@fancybox=\box46
\shadowsize=\dimen143
\@Sbox=\box47
\do@VerbBox=\toks31
\the@fancyput=\toks32
\this@fancyput=\toks33
\EndVerbatimTokens=\toks34
\Verbatim@Outfile=\write3
\Verbatim@Infile=\read2
)

Package Fancyhdr Warning: \fancyhead's `E' option without twoside option is use
less on input line 183.

\@indexfile=\write4
Writing index file QuocAnhLE_M466_Session2.idx
(QuocAnhLE_M466_Session2.aux

LaTeX Warning: Label `Architecture' multiply defined.


LaTeX Warning: Label `Architecture' multiply defined.


LaTeX Warning: Label `Architecture' multiply defined.


LaTeX Warning: Label `Architecture' multiply defined.


LaTeX Warning: Label `Architecture' multiply defined.


LaTeX Warning: Label `Architecture' multiply defined.


LaTeX Warning: Label `Architecture' multiply defined.

)
LaTeX Font Info:    Checking defaults for OML/cmm/m/it on input line 186.
LaTeX Font Info:    ... okay on input line 186.
LaTeX Font Info:    Checking defaults for T1/lmr/m/n on input line 186.
LaTeX Font Info:    Try loading font information for T1+lmr on input line 186.
 ("C:\Program Files\MiKTeX 2.5\tex\latex\lm\t1lmr.fd"
File: t1lmr.fd 2006/04/24 v1.2 Font defs for Latin Modern
)
LaTeX Font Info:    ... okay on input line 186.
LaTeX Font Info:    Checking defaults for OT1/cmr/m/n on input line 186.
LaTeX Font Info:    ... okay on input line 186.
LaTeX Font Info:    Checking defaults for OMS/cmsy/m/n on input line 186.
LaTeX Font Info:    ... okay on input line 186.
LaTeX Font Info:    Checking defaults for OMX/cmex/m/n on input line 186.
LaTeX Font Info:    ... okay on input line 186.
LaTeX Font Info:    Checking defaults for U/cmr/m/n on input line 186.
LaTeX Font Info:    ... okay on input line 186.
LaTeX Font Info:    Checking defaults for OT2/cmr/m/n on input line 186.
LaTeX Font Info:    Try loading font information for OT2+cmr on input line 186.


("C:\Program Files\MiKTeX 2.5\tex\latex\base\ot2cmr.fd"
File: ot2cmr.fd 1999/05/25 v2.5h Standard LaTeX font definitions
)
LaTeX Font Info:    ... okay on input line 186.


Package frenchb.ldf Warning: The definition of \@makecaption has been changed,
(frenchb.ldf)                frenchb will NOT customize it;
(frenchb.ldf)                reported on input line 186.

LaTeX Info: Redefining \dots on input line 186.
("C:\Program Files\MiKTeX 2.5\tex\context\base\supp-pdf.tex"
[Loading MPS to PDF converter (version 2006.09.02).]
\scratchcounter=\count130
\scratchdimen=\dimen144
\scratchbox=\box48
\nofMPsegments=\count131
\nofMParguments=\count132
\MPscratchCnt=\count133
\MPscratchDim=\dimen145
\MPnumerator=\count134
\everyMPtoPDFconversion=\toks35
)

Package Fancyhdr Warning: \fancyhead's `E' option without twoside option is use
less on input line 192.


Package Fancyhdr Warning: \fancyhead's `E' option without twoside option is use
less on input line 193.


Package Fancyhdr Warning: \fancyhead's `E' option without twoside option is use
less on input line 199.

LaTeX Font Info:    Try loading font information for U+msa on input line 202.
("C:\Program Files\MiKTeX 2.5\tex\latex\amsfonts\umsa.fd"
File: umsa.fd 2002/01/19 v2.2g AMS font definitions
)
LaTeX Font Info:    Try loading font information for U+msb on input line 202.

("C:\Program Files\MiKTeX 2.5\tex\latex\amsfonts\umsb.fd"
File: umsb.fd 2002/01/19 v2.2g AMS font definitions
)
LaTeX Font Info:    Try loading font information for T1+aett on input line 202.


("C:\Program Files\MiKTeX 2.5\tex\latex\ae\t1aett.fd"
File: t1aett.fd 1997/11/16 Font definitions for T1/aett.
) [1
Non-PDF special ignored!
Non-PDF special ignored!
Non-PDF special ignored!

{psfonts.map}]
LaTeX Font Info:    Try loading font information for T1+aess on input line 205.


("C:\Program Files\MiKTeX 2.5\tex\latex\ae\t1aess.fd"
File: t1aess.fd 1997/11/16 Font definitions for T1/aess.
)
(QuocAnhLE_M466_Session2.toc)
\tf@toc=\write5
 [1

]
Chapter 1.
[2

]
Chapter 2.
LaTeX Font Info:    Try loading font information for OT1+phv on input line 219.

("C:\Program Files\MiKTeX 2.5\tex\latex\psnfss\ot1phv.fd"
File: ot1phv.fd 2001/06/04 scalable font definitions for OT1/phv.
)
<sodo1.png, id=38, 739.76375pt x 701.62125pt>
File: sodo1.png Graphic file (type png)
 <use sodo1.png> [3

 <sodo1.png (PNG copy)>]

Package Fancyhdr Warning: \headheight is too small (0.0pt): 
 Make it at least 13.59999pt.
 We now make it that large for the rest of the document.
 This may cause the page layout to be inconsistent, however.

[4] <sodo2.png, id=54, 868.24374pt x 1006.76125pt>
File: sodo2.png Graphic file (type png)
 <use sodo2.png> [5 <sodo2.png (PNG copy)>] <sodo3.png, id=58, 869.2475pt x 100
6.76125pt>
File: sodo3.png Graphic file (type png)
 <use sodo3.png>
[6 <sodo3.png (PNG copy)>]
Chapter 3.
LaTeX Font Info:    Try loading font information for OMS+aer on input line 350.

("C:\Program Files\MiKTeX 2.5\tex\latex\ae\omsaer.fd"
File: omsaer.fd 1999/12/27
)
LaTeX Font Info:    Font shape `OMS/aer/m/n' in size <10.95> not available
(Font)              Font shape `OMS/cmsy/m/n' tried instead on input line 350.
 [7

]
Chapter 4.
<chaine.png, id=69, 692.5875pt x 465.74pt>
File: chaine.png Graphic file (type png)
 <use chaine.png> [8

 <chaine.png>]
Chapter 5.

Underfull \hbox (badness 3375) in paragraph at lines 389--392
\T1/aer/m/n/10.95 Ce pro-gramme marche bien avec toutes les fonc-tions abor-dée
s dans l'énoncé sous
 []

[9

]
Chapter 6.
<setup0.png, id=77, 669.50125pt x 465.74pt>
File: setup0.png Graphic file (type png)
 <use setup0.png>
<setup.png, id=78, 918.43124pt x 637.38126pt>
File: setup.png Graphic file (type png)
 <use setup.png>
File: chaine.png Graphic file (type png)
 <use chaine.png>
[10

 <setup0.png> <setup.png>] <chaine2.png, id=84, 1100.11pt x 590.205pt>
File: chaine2.png Graphic file (type png)

<use chaine2.png> [11 <chaine2.png>]
Chapter 7.
Package srcltx Info: Expanded filename `quocanh2.c' to `quocanh2.c.tex' on inpu
t line 451.
:<+ quocanh2.c.tex
(quocanh2.c [12

]
Overfull \hbox (276.308pt too wide) in paragraph at lines 68--70
[][][][][][][][][][][][][][][][][][][][][][][][][][][][][][][][][][][][][][][][
][][] 
 []


Overfull \hbox (296.01816pt too wide) in paragraph at lines 71--73
[][][][][][][][][][][][][][][][][][][][][][][][][][][][][][][][][][][][][][][][
][] 
 []


Overfull \hbox (184.32726pt too wide) in paragraph at lines 73--75
[][][][][][][][][][][][][][][][][][][][][][][][][][][][][][][][] 
 []


Overfull \hbox (158.04704pt too wide) in paragraph at lines 75--78
[][][][][][][][][][][][][][][][][][][][][][][][][][][][][][][][] 
 []

[13] [14]
Overfull \hbox (20.07593pt too wide) in paragraph at lines 143--145
[][][][][][][][][][][][][][][][][][][][][][][][][][][][][][][] 
 []

[15] [16] [17]
Overfull \hbox (66.0663pt too wide) in paragraph at lines 289--290
[][][][][][][][][][][][][][][][][][][][][][][][][][] 
 []


Overfull \hbox (6.93582pt too wide) in paragraph at lines 313--314
[][][][][][][][][][][][][][][][][][][][][][][][][] 
 []

[18] [19] [20] [21] [22] [23] [24] [25] [26] [27] [28] [29])
:<-
[30]
Package srcltx Info: Expanded filename `filter.c' to `filter.c.tex' on input li
ne 454.

:<+ filter.c.tex
(filter.c [31])
:<-
[32]
Package srcltx Info: Expanded filename `filter.txt' to `filter.txt.tex' on inpu
t line 458.

:<+ filter.txt.tex
(filter.txt)
:<-
Package srcltx Info: Expanded filename `makefile.txt' to `makefile.txt.tex' on 
input line 460.
:<+ makefile.txt.tex
(makefile.txt)
:<-
AED: lastpage setting LastPage [33] (QuocAnhLE_M466_Session2.aux)

LaTeX Warning: There were multiply-defined labels.

 ) 
Here is how much of TeX's memory you used:
 7668 strings out of 95419
 89781 string characters out of 1187294
 186708 words of memory out of 1170952
 10329 multiletter control sequences out of 60000
 50825 words of font info for 100 fonts, out of 1000000 for 2000
 14 hyphenation exceptions out of 8191
 35i,13n,43p,379b,1768s stack positions out of 5000i,500n,10000p,200000b,32768s
PDF statistics:
 158 PDF objects out of 300000
 0 named destinations out of 300000
 36 words of extra memory for PDF output out of 10000
<C:/Program Files/MiKTeX 2.5/fonts/type1/bluesky/cm/cmmi10.pfb><C:/Program Fi
les/MiKTeX 2.5/fonts/type1/bluesky/cm/cmr9.pfb><C:/Program Files/MiKTeX 2.5/fon
ts/type1/bluesky/cm/cmti10.pfb>{8r.enc}<C:/Program Files/MiKTeX 2.5/fonts/type1
/urw/helvetic/uhvb8ac.pfb><C:/Program Files/MiKTeX 2.5/fonts/type1/bluesky/cm/c
mss10.pfb><C:/Program Files/MiKTeX 2.5/fonts/type1/bluesky/cm/cmbx10.pfb><C:/Pr
ogram Files/MiKTeX 2.5/fonts/type1/bluesky/cm/cmss17.pfb><C:/Program Files/MiKT
eX 2.5/fonts/type1/bluesky/cm/cmsy10.pfb><C:/Program Files/MiKTeX 2.5/fonts/typ
e1/bluesky/cm/cmtt10.pfb><C:/Program Files/MiKTeX 2.5/fonts/type1/bluesky/cm/cm
bxti10.pfb><C:/Program Files/MiKTeX 2.5/fonts/type1/bluesky/cm/cmr10.pfb><C:/Pr
ogram Files/MiKTeX 2.5/fonts/type1/bluesky/cm/cmr12.pfb><C:/Program Files/MiKTe
X 2.5/fonts/type1/bluesky/cm/cmr17.pfb>
Output written on QuocAnhLE_M466_Session2.pdf (34 pages, 605188 bytes).
